
matrixupdate 0.000000 matrix 0.000000, up: 0.000000, left 0.000000, right 0.000000, downright 0.000000, down 0.000000, downleft 0.000000

matrixupdate 0.000130 matrix 0.000000, up: 0.000000, left 0.036100, right 0.000000, downright 0.000000, down 0.000000, downleft 0.000000

matrixupdate 0.000395 matrix 0.000130, up: 0.001043, left 0.072011, right 0.000065, downright 0.000261, down 0.000000, downleft 0.000000

Rank 5:
0.000000000000000 0.001042568000000 0.000000000000000 0.000000000000000 0.000000000000000 0.000000000000000 0.000000000000000 
0.000000000000000 0.000130321000000 0.000065160500000 0.000000000000000 0.000000000000000 0.000000000000000 0.000000000000000 
0.000260642000000 0.000000000000000 0.000000000000000 0.000000000000000 0.000000000000000 0.000000000000000 0.000000000000000 
0.000000000000000 0.000000000000000 0.000000000000000 0.000000000000000 0.000000000000000 0.000000000000000 0.000000000000000 
0.000000000000000 0.000000000000000 0.000000000000000 0.000000000000000 0.000000000000000 0.000000000000000 0.000000000000000 
0.000000000000000 0.000000000000000 0.000000000000000 0.000000000000000 0.000000000000000 0.000000000000000 0.000000000000000 
0.000000000000000 0.000000000000000 0.000000000000000 0.000000000000000 0.000000000000000 0.000000000000000 0.000000000000000 
0.000000000000000 0.000000000000000 0.000000000000000 0.000000000000000 0.000000000000000 0.000000000000000 0.000000000000000 
0.000000000000000 0.000000000000000 0.000000000000000 0.000000000000000 0.000000000000000 0.000000000000000 0.000000000000000 
0.000000000000000 0.000000000000000 0.000000000000000 0.000000000000000 0.000000000000000 0.000000000000000 0.000000000000000 
0.000000000000000 0.000000000000000 0.000000000000000 0.000000000000000 0.000000000000000 0.000000000000000 0.000000000000000 
0.000000000000000 0.000000000000000 0.000000000000000 0.000000000000000 0.000000000000000 0.000000000000000 0.000000000000000 

Rank 0:
0.000000000000000 0.000000000000000 0.000000000000000 0.000000000000000 0.000000000000000 0.000000000000000 0.000000000000000 
0.000000000000000 50.000000000000000 50.000000000000000 50.000000000000000 50.000000000000000 50.000000000000000 50.000000000000000 
0.000000000000000 20.000000000000000 0.999853036000000 0.717829728000000 0.716787160000000 0.716787160000000 0.716787160000000 
0.000000000000000 20.000000000000000 0.289321284000000 0.003648988000000 0.002606420000000 0.002606420000000 0.002606420000000 
0.000000000000000 20.000000000000000 0.286714864000000 0.001042568000000 0.000000000000000 0.000000000000000 0.000000000000000 
0.000000000000000 20.000000000000000 0.286714864000000 0.001042568000000 0.000000000000000 0.000000000000000 0.000000000000000 
0.000000000000000 20.000000000000000 0.286714864000000 0.001042568000000 0.000000000000000 0.000000000000000 0.000000000000000 
0.000000000000000 20.000000000000000 0.286714864000000 0.001042568000000 0.000000000000000 0.000000000000000 0.000000000000000 
0.000000000000000 20.000000000000000 0.286714864000000 0.001042568000000 0.000000000000000 0.000000000000000 0.000000000000000 
0.000000000000000 20.000000000000000 0.286714864000000 0.001042568000000 0.000000000000000 0.000000000000000 0.000000000000000 
0.000000000000000 20.000000000000000 0.286193580000000 0.001042568000000 0.000000000000000 0.000000000000000 0.000000000000000 
0.000000000000000 20.000000000000000 0.143892434000000 0.000065160500000 0.000000000000000 0.000000000000000 0.000000000000000 

Rank 1:
0.000000000000000 0.000000000000000 0.000000000000000 0.000000000000000 0.000000000000000 0.000000000000000 0.000000000000000 
50.000000000000000 50.000000000000000 50.000000000000000 50.000000000000000 50.000000000000000 50.000000000000000 50.000000000000000 
0.716787160000000 0.716787160000000 0.716787160000000 0.716787160000000 0.716787160000000 0.716787160000000 0.716787160000000 
0.002606420000000 0.002606420000000 0.002606420000000 0.002606420000000 0.002606420000000 0.002606420000000 0.002606420000000 
0.000000000000000 0.000000000000000 0.000000000000000 0.000000000000000 0.000000000000000 0.000000000000000 0.000000000000000 
0.000000000000000 0.000000000000000 0.000000000000000 0.000000000000000 0.000000000000000 0.000000000000000 0.000000000000000 
0.000000000000000 0.000000000000000 0.000000000000000 0.000000000000000 0.000000000000000 0.000000000000000 0.000000000000000 
0.000000000000000 0.000000000000000 0.000000000000000 0.000000000000000 0.000000000000000 0.000000000000000 0.000000000000000 
0.000000000000000 0.000000000000000 0.000000000000000 0.000000000000000 0.000000000000000 0.000000000000000 0.000000000000000 
0.000000000000000 0.000000000000000 0.000000000000000 0.000000000000000 0.000000000000000 0.000000000000000 0.000000000000000 
0.000000000000000 0.000000000000000 0.000000000000000 0.000000000000000 0.000000000000000 0.000000000000000 0.000000000000000 
0.000000000000000 0.000000000000000 0.000000000000000 0.000000000000000 0.000000000000000 0.000000000000000 0.000000000000000 

Rank 2:
0.000000000000000 0.000000000000000 0.000000000000000 0.000000000000000 0.000000000000000 0.000000000000000 0.000000000000000 
50.000000000000000 50.000000000000000 50.000000000000000 50.000000000000000 50.000000000000000 50.000000000000000 50.000000000000000 
0.716787160000000 0.716787160000000 0.716787160000000 0.716787160000000 0.716787160000000 0.716787160000000 0.716787160000000 
0.002606420000000 0.002606420000000 0.002606420000000 0.002606420000000 0.002606420000000 0.002606420000000 0.002606420000000 
0.000000000000000 0.000000000000000 0.000000000000000 0.000000000000000 0.000000000000000 0.000000000000000 0.000000000000000 
0.000000000000000 0.000000000000000 0.000000000000000 0.000000000000000 0.000000000000000 0.000000000000000 0.000000000000000 
0.000000000000000 0.000000000000000 0.000000000000000 0.000000000000000 0.000000000000000 0.000000000000000 0.000000000000000 
0.000000000000000 0.000000000000000 0.000000000000000 0.000000000000000 0.000000000000000 0.000000000000000 0.000000000000000 
0.000000000000000 0.000000000000000 0.000000000000000 0.000000000000000 0.000000000000000 0.000000000000000 0.000000000000000 
0.000000000000000 0.000000000000000 0.000000000000000 0.000000000000000 0.000000000000000 0.000000000000000 0.000000000000000 
0.000000000000000 0.000000000000000 0.000000000000000 0.000000000000000 0.000000000000000 0.000000000000000 0.000000000000000 
0.000000000000000 0.000000000000000 0.000000000000000 0.000000000000000 0.000000000000000 0.000000000000000 0.000000000000000 

Rank 3:
0.000000000000000 0.000000000000000 0.000000000000000 0.000000000000000 0.000000000000000 0.000000000000000 0.000000000000000 
50.000000000000000 50.000000000000000 50.000000000000000 50.000000000000000 50.000000000000000 50.000000000000000 0.000000000000000 
0.716787160000000 0.716787160000000 0.716787160000000 0.718351012000000 1.142689184000000 30.000000000000000 0.000000000000000 
0.002606420000000 0.002606420000000 0.002606420000000 0.004170272000000 0.432678716000000 30.000000000000000 0.000000000000000 
0.000000000000000 0.000000000000000 0.000000000000000 0.001563852000000 0.430072296000000 30.000000000000000 0.000000000000000 
0.000000000000000 0.000000000000000 0.000000000000000 0.001563852000000 0.430072296000000 30.000000000000000 0.000000000000000 
0.000000000000000 0.000000000000000 0.000000000000000 0.001563852000000 0.430072296000000 30.000000000000000 0.000000000000000 
0.000000000000000 0.000000000000000 0.000000000000000 0.001563852000000 0.430072296000000 30.000000000000000 0.000000000000000 
0.000000000000000 0.000000000000000 0.000000000000000 0.001563852000000 0.430072296000000 30.000000000000000 0.000000000000000 
0.000000000000000 0.000000000000000 0.000000000000000 0.001563852000000 0.430072296000000 30.000000000000000 0.000000000000000 
0.000000000000000 0.000000000000000 0.000000000000000 0.001563852000000 0.430072296000000 30.000000000000000 0.000000000000000 
0.000000000000000 0.000000000000000 0.000000000000000 0.001563852000000 0.430072296000000 30.000000000000000 0.000000000000000 

Rank 4:
0.000000000000000 0.000000000000000 20.000000000000000 0.000000000000000 0.286193580000000 0.000000000000000 0.000000000000000 
0.000000000000000 10.000000000000000 20.000000000000000 10.071946217000001 0.143892434000000 0.072011377500000 0.000130321000000 
0.000000000000000 0.000000000000000 10.000000000000000 0.285933660000000 0.001563852000000 0.000260642000000 0.000000000000000 
0.000000000000000 0.000000000000000 20.000000000000000 0.286194302000000 0.001042568000000 0.000000000000000 0.000000000000000 
0.000000000000000 0.000000000000000 10.000000000000000 0.144400361000000 0.000521284000000 0.000000000000000 0.000000000000000 
0.000000000000000 0.000000000000000 20.000000000000000 0.285673018000000 0.001042568000000 0.000000000000000 0.000000000000000 
0.000000000000000 0.000000000000000 10.000000000000000 0.144400361000000 0.000521284000000 0.000000000000000 0.000000000000000 
0.000000000000000 0.000000000000000 20.000000000000000 0.285673018000000 0.001042568000000 0.000000000000000 0.000000000000000 
0.000000000000000 0.000000000000000 10.000000000000000 0.144400361000000 0.000521284000000 0.000000000000000 0.000000000000000 
0.000000000000000 0.000000000000000 20.000000000000000 0.285673018000000 0.001042568000000 0.000000000000000 0.000000000000000 
0.000000000000000 0.000000000000000 10.000000000000000 0.144400361000000 0.000521284000000 0.000000000000000 0.000000000000000 
0.000000000000000 0.000000000000000 20.000000000000000 0.285673018000000 0.001042568000000 0.000000000000000 0.000000000000000 

Rank 6:
0.000000000000000 0.000000000000000 0.000000000000000 0.000000000000000 0.000000000000000 0.000000000000000 0.000000000000000 
0.000000000000000 0.000000000000000 0.000000000000000 0.000000000000000 0.000000000000000 0.000000000000000 0.000000000000000 
0.000000000000000 0.000000000000000 0.000000000000000 0.000000000000000 0.000000000000000 0.000000000000000 0.000000000000000 
0.000000000000000 0.000000000000000 0.000000000000000 0.000000000000000 0.000000000000000 0.000000000000000 0.000000000000000 
0.000000000000000 0.000000000000000 0.000000000000000 0.000000000000000 0.000000000000000 0.000000000000000 0.000000000000000 
0.000000000000000 0.000000000000000 0.000000000000000 0.000000000000000 0.000000000000000 0.000000000000000 0.000000000000000 
0.000000000000000 0.000000000000000 0.000000000000000 0.000000000000000 0.000000000000000 0.000000000000000 0.000000000000000 
0.000000000000000 0.000000000000000 0.000000000000000 0.000000000000000 0.000000000000000 0.000000000000000 0.000000000000000 
0.000521284000000 0.002085136000000 0.002085136000000 0.002085136000000 0.002085136000000 0.002085136000000 0.002085136000000 
0.287784868000000 0.572387160000000 0.573429728000000 0.573429728000000 0.573429728000000 0.573429728000000 0.573429728000000 
40.000000000000000 40.000000000000000 40.000000000000000 40.000000000000000 40.000000000000000 40.000000000000000 40.000000000000000 
0.000000000000000 0.000000000000000 0.000000000000000 0.000000000000000 0.000000000000000 0.000000000000000 0.000000000000000 

Rank 7:
0.000000000000000 0.000000000000000 0.000000000000000 0.001563852000000 0.430072296000000 30.000000000000000 0.000000000000000 
0.000000000000000 0.000000000000000 0.000000000000000 0.001563852000000 0.430072296000000 30.000000000000000 0.000000000000000 
0.000000000000000 0.000000000000000 0.000000000000000 0.001563852000000 0.430072296000000 30.000000000000000 0.000000000000000 
0.000000000000000 0.000000000000000 0.000000000000000 0.001563852000000 0.430072296000000 30.000000000000000 0.000000000000000 
0.000000000000000 0.000000000000000 0.000000000000000 0.001563852000000 0.430072296000000 30.000000000000000 0.000000000000000 
0.000000000000000 0.000000000000000 0.000000000000000 0.001563852000000 0.430072296000000 30.000000000000000 0.000000000000000 
0.000000000000000 0.000000000000000 0.000000000000000 0.001563852000000 0.430072296000000 30.000000000000000 0.000000000000000 
0.000000000000000 0.000000000000000 0.000000000000000 0.001563852000000 0.430072296000000 30.000000000000000 0.000000000000000 
0.002085136000000 0.002085136000000 0.002085136000000 0.003648988000000 0.432157432000000 30.000000000000000 0.000000000000000 
0.573429728000000 0.573429728000000 0.573429728000000 0.574993580000000 0.999853036000000 30.000000000000000 0.000000000000000 
40.000000000000000 40.000000000000000 40.000000000000000 40.000000000000000 40.000000000000000 40.000000000000000 0.000000000000000 
0.000000000000000 0.000000000000000 0.000000000000000 0.000000000000000 0.000000000000000 0.000000000000000 0.000000000000000 

Rank 13:
0.000000000000000 0.000000000000000 0.000000000000000 0.000000000000000 0.000000000000000 0.000000000000000 0.000000000000000 
0.000000000000000 0.000000000000000 0.000000000000000 0.000000000000000 0.000000000000000 0.000000000000000 0.000000000000000 
0.000000000000000 0.000000000000000 0.000000000000000 0.000000000000000 0.000000000000000 0.000000000000000 0.000000000000000 
0.000000000000000 0.000000000000000 0.000000000000000 0.000000000000000 0.000000000000000 0.000000000000000 0.000000000000000 
0.000000000000000 0.000000000000000 0.000000000000000 0.000000000000000 0.000000000000000 0.000260642000000 0.000000000000000 
0.000000000000000 0.000000000000000 0.000000000000000 0.000000000000000 0.000000000000000 0.000521284000000 0.002085136000000 
0.000000000000000 0.000000000000000 0.000000000000000 0.000000000000000 0.000521284000000 0.144153076000000 0.000000000000000 
0.001042568000000 0.002085136000000 0.001042568000000 0.002085136000000 0.003127704000000 0.287784868000000 0.572387160000000 
0.288800722000000 0.571346036000000 0.288800722000000 0.572388604000000 0.571867320000000 20.143892434000001 0.000000000000000 
20.000000000000000 40.000000000000000 20.000000000000000 40.000000000000000 20.000000000000000 40.000000000000000 40.000000000000000 
0.000000000000000 0.000000000000000 0.000000000000000 0.000000000000000 0.000000000000000 20.000000000000000 0.000000000000000 
0.000000000000000 0.000000000000000 0.000000000000000 0.000000000000000 0.000000000000000 0.000000000000000 0.000000000000000 

Rank 8:
0.000000000000000 0.000000000000000 0.000000000000000 0.000000000000000 0.000000000000000 0.000000000000000 0.000000000000000 
0.000000000000000 0.000000000000000 0.000000000000000 0.000000000000000 0.000000000000000 0.000000000000000 0.000000000000000 
0.000000000000000 0.000000000000000 0.000000000000000 0.000000000000000 0.000000000000000 0.000000000000000 0.000000000000000 
0.000000000000000 0.000000000000000 0.000000000000000 0.000000000000000 0.000000000000000 0.000000000000000 0.000000000000000 
0.000000000000000 0.000000000000000 0.000000000000000 0.000000000000000 0.000000000000000 0.000000000000000 0.000000000000000 
0.000000000000000 0.000000000000000 0.000000000000000 0.000000000000000 0.000000000000000 0.000000000000000 0.000000000000000 
0.000000000000000 0.000000000000000 0.000000000000000 0.000000000000000 0.000000000000000 0.000000000000000 0.000000000000000 
0.000000000000000 0.000000000000000 0.000000000000000 0.000000000000000 0.000000000000000 0.000000000000000 0.000000000000000 
0.000000000000000 0.000000000000000 0.000000000000000 0.000000000000000 0.000000000000000 0.000000000000000 0.000000000000000 
0.000000000000000 0.000000000000000 0.000000000000000 0.000000000000000 0.000000000000000 0.000000000000000 0.000000000000000 
0.000000000000000 0.000000000000000 0.000000000000000 0.000000000000000 0.000000000000000 0.000000000000000 0.000000000000000 
0.000000000000000 0.000000000000000 0.000000000000000 0.000000000000000 0.000000000000000 0.000000000000000 0.000000000000000 

Rank 9:
0.000000000000000 0.000000000000000 0.000000000000000 0.000000000000000 0.000000000000000 0.000000000000000 0.000000000000000 
0.000000000000000 0.000000000000000 0.000000000000000 0.000000000000000 0.000000000000000 0.000000000000000 0.000000000000000 
0.000000000000000 0.000000000000000 0.000000000000000 0.000000000000000 0.000000000000000 0.000000000000000 0.000000000000000 
0.000000000000000 0.000000000000000 0.000000000000000 0.000000000000000 0.000000000000000 0.000000000000000 0.000000000000000 
0.000000000000000 0.000000000000000 0.000000000000000 0.000000000000000 0.000000000000000 0.000000000000000 0.000000000000000 
0.000000000000000 0.000000000000000 0.000000000000000 0.000000000000000 0.000000000000000 0.000000000000000 0.000000000000000 
0.000000000000000 0.000000000000000 0.000000000000000 0.000000000000000 0.000000000000000 0.000000000000000 0.000000000000000 
0.000000000000000 0.000000000000000 0.000000000000000 0.000000000000000 0.000000000000000 0.000000000000000 0.000000000000000 
0.000000000000000 0.000000000000000 0.000000000000000 0.000000000000000 0.000000000000000 0.000000000000000 0.000000000000000 
0.000000000000000 0.000000000000000 0.000000000000000 0.000000000000000 0.000000000000000 0.000000000000000 0.000000000000000 
0.000000000000000 0.000000000000000 0.000000000000000 0.000000000000000 0.000000000000000 0.000000000000000 0.000000000000000 
0.000000000000000 0.000000000000000 0.000000000000000 0.000000000000000 0.000000000000000 0.000000000000000 0.000000000000000 

Rank 10:
0.000000000000000 0.000000000000000 10.000000000000000 0.144400361000000 0.000521284000000 0.000000000000000 0.000000000000000 
0.000000000000000 0.000000000000000 20.000000000000000 0.285673018000000 0.001042568000000 0.000000000000000 0.000000000000000 
0.000000000000000 0.000000000000000 10.000000000000000 0.144400361000000 0.000521284000000 0.000000000000000 0.000000000000000 
0.000000000000000 0.000000000000000 20.000000000000000 0.285673018000000 0.001042568000000 0.000000000000000 0.000000000000000 
0.000000000000000 0.000000000000000 10.000000000000000 0.144400361000000 0.000521284000000 0.000000000000000 0.000000000000000 
0.000000000000000 0.000000000000000 20.000000000000000 0.285673018000000 0.001042568000000 0.000000000000000 0.000000000000000 
0.000000000000000 0.000000000000000 10.000000000000000 0.144400361000000 0.000521284000000 0.000000000000000 0.000000000000000 
0.000000000000000 0.000000000000000 20.000000000000000 0.286715586000000 0.003127704000000 0.001042568000000 0.002085136000000 
0.000000000000000 0.000000000000000 10.000000000000000 0.430073379000000 0.571867320000000 0.288800722000000 0.571346036000000 
0.000000000000000 0.000000000000000 40.000000000000000 20.000000000000000 40.000000000000000 20.000000000000000 40.000000000000000 
0.000000000000000 0.000000000000000 0.000000000000000 0.000000000000000 0.000000000000000 0.000000000000000 0.000000000000000 
0.000000000000000 0.000000000000000 0.000000000000000 0.000000000000000 0.000000000000000 0.000000000000000 0.000000000000000 

Rank 11:
0.000000000000000 0.000000000000000 0.000000000000000 0.000000000000000 0.000000000000000 0.000000000000000 0.000000000000000 
0.000000000000000 0.000000000000000 0.000000000000000 0.000000000000000 0.000000000000000 0.000000000000000 0.000000000000000 
0.000000000000000 0.000000000000000 0.000000000000000 0.000000000000000 0.000000000000000 0.000000000000000 0.000000000000000 
0.000000000000000 0.000000000000000 0.000000000000000 0.000000000000000 0.000000000000000 0.000000000000000 0.000000000000000 
0.000000000000000 0.000000000000000 0.000000000000000 0.000000000000000 0.000000000000000 0.000000000000000 0.000000000000000 
0.000000000000000 0.000000000000000 0.000000000000000 0.000000000000000 0.000000000000000 0.000000000000000 0.000000000000000 
0.000000000000000 0.000000000000000 0.000000000000000 0.000000000000000 0.000000000000000 0.000000000000000 0.000000000000000 
0.001042568000000 0.002085136000000 0.001042568000000 0.002085136000000 0.001042568000000 0.002085136000000 0.001042568000000 
0.288800722000000 0.571346036000000 0.288800722000000 0.571346036000000 0.288800722000000 0.571346036000000 0.288800722000000 
20.000000000000000 40.000000000000000 20.000000000000000 40.000000000000000 20.000000000000000 40.000000000000000 20.000000000000000 
0.000000000000000 0.000000000000000 0.000000000000000 0.000000000000000 0.000000000000000 0.000000000000000 0.000000000000000 
0.000000000000000 0.000000000000000 0.000000000000000 0.000000000000000 0.000000000000000 0.000000000000000 0.000000000000000 

Rank 12:
0.000000000000000 0.000000000000000 0.000000000000000 0.000000000000000 0.000000000000000 0.000000000000000 0.000000000000000 
0.000000000000000 0.000000000000000 0.000000000000000 0.000000000000000 0.000000000000000 0.000000000000000 0.000000000000000 
0.000000000000000 0.000000000000000 0.000000000000000 0.000000000000000 0.000000000000000 0.000000000000000 0.000000000000000 
0.000000000000000 0.000000000000000 0.000000000000000 0.000000000000000 0.000000000000000 0.000000000000000 0.000000000000000 
0.000000000000000 0.000000000000000 0.000000000000000 0.000000000000000 0.000000000000000 0.000000000000000 0.000000000000000 
0.000000000000000 0.000000000000000 0.000000000000000 0.000000000000000 0.000000000000000 0.000000000000000 0.000000000000000 
0.000000000000000 0.000000000000000 0.000000000000000 0.000000000000000 0.000000000000000 0.000000000000000 0.000000000000000 
0.002085136000000 0.001042568000000 0.002085136000000 0.001042568000000 0.002085136000000 0.001042568000000 0.002085136000000 
0.571346036000000 0.288800722000000 0.571346036000000 0.288800722000000 0.571346036000000 0.288800722000000 0.571346036000000 
40.000000000000000 20.000000000000000 40.000000000000000 20.000000000000000 40.000000000000000 20.000000000000000 40.000000000000000 
0.000000000000000 0.000000000000000 0.000000000000000 0.000000000000000 0.000000000000000 0.000000000000000 0.000000000000000 
0.000000000000000 0.000000000000000 0.000000000000000 0.000000000000000 0.000000000000000 0.000000000000000 0.000000000000000 


###############################################################################
TCHPC Cluster: lonsdale
Job 233610 (diffusion) for User 'donaghek' in Account 'mschpc'
Finished at: Tue Aug 30 01:06:17 IST 2016

Job completion status:
======================

       JobID    JobName AllocCPUS NTasks NNodes     MaxRSS    MaxRSSNode  MaxDiskRead MaxDiskWrite    Elapsed      State ExitCode 
------------ ---------- --------- ------ ------ ---------- ------------- ------------ ------------ ---------- ---------- -------- 
233610        diffusion        16             2                                                      00:00:02  COMPLETED      0:0 
233610.batch      batch         8      1      1          0 lonsdale-n001        0.00M        0.00M   00:00:02  COMPLETED      0:0 
233610.0          orted         1      1      1          0 lonsdale-n002        0.00M        0.00M   00:00:02  COMPLETED      0:0 


Job details:
============

JobId=233610 JobName=diffusion
   UserId=donaghek(5753) GroupId=donaghek(9558)
   Priority=10077114 Nice=0 Account=mschpc QOS=normal
   JobState=COMPLETING Reason=None Dependency=(null)
   Requeue=1 Restarts=0 BatchFlag=1 Reboot=0 ExitCode=0:0
   DerivedExitCode=0:0
   RunTime=00:00:02 TimeLimit=00:30:00 TimeMin=N/A
   SubmitTime=2016-08-30T01:06:13 EligibleTime=2016-08-30T01:06:13
   StartTime=2016-08-30T01:06:14 EndTime=2016-08-30T01:06:16
   PreemptTime=None SuspendTime=None SecsPreSuspend=0
   Partition=debug AllocNode:Sid=lonsdale01:23017
   ReqNodeList=(null) ExcNodeList=(null)
   NodeList=
   BatchHost=lonsdale-n001
   NumNodes=2 NumCPUs=16 CPUs/Task=1 ReqB:S:C:T=0:0:*:*
   TRES=cpu=16,mem=30000,node=2
   Socks/Node=* NtasksPerN:B:S:C=0:0:*:* CoreSpec=*
     Nodes=lonsdale-n[001-002] CPU_IDs=0-7 Mem=15000
   MinCPUsNode=1 MinMemoryNode=15000M MinTmpDiskNode=0
   Features=(null) Gres=(null) Reservation=(null)
   Shared=0 Contiguous=0 Licenses=(null) Network=(null)
   Command=/home/users/mschpc/2015/donaghek/ParDiffRefine/ParallelRefine/slurm.sh
   WorkDir=/home/users/mschpc/2015/donaghek/ParDiffRefine/ParallelRefine
   StdErr=/home/users/mschpc/2015/donaghek/ParDiffRefine/ParallelRefine/slurm-233610.out
   StdIn=/dev/null
   StdOut=/home/users/mschpc/2015/donaghek/ParDiffRefine/ParallelRefine/slurm-233610.out
   Power= SICP=0


Disk quota details:
===================

Quota Type           Name  Filesystem     Usage in MB     Limit in MB    % Used
-------------------------------------------------------------------------------
USER             donaghek       /home              34          51,200     0.07%

GROUP              mschpc   /projects          23,731          51,200    46.35%


SLURM Bank Statement:
=====================

User           Usage |        Account     Usage | Account Limit Available (CPU hrs)
---------- --------- + -------------- --------- + ------------- ---------
aocurran          72 |         MSCHPC     7,975 |       400,000   392,025
dalyso             0 |         MSCHPC     7,975 |       400,000   392,025
donaghek         396 |         MSCHPC     7,975 |       400,000   392,025
donnelj1           0 |         MSCHPC     7,975 |       400,000   392,025
hannigs            0 |         MSCHPC     7,975 |       400,000   392,025
holtonmi           0 |         MSCHPC     7,975 |       400,000   392,025
howardrj           0 |         MSCHPC     7,975 |       400,000   392,025
jabehan            0 |         MSCHPC     7,975 |       400,000   392,025
jbulava            0 |         MSCHPC     7,975 |       400,000   392,025
jfagan         4,381 |         MSCHPC     7,975 |       400,000   392,025
jose               0 |         MSCHPC     7,975 |       400,000   392,025
kcleary            0 |         MSCHPC     7,975 |       400,000   392,025
liul1              0 |         MSCHPC     7,975 |       400,000   392,025
lomalle            0 |         MSCHPC     7,975 |       400,000   392,025
makirby            0 |         MSCHPC     7,975 |       400,000   392,025
manninmi           0 |         MSCHPC     7,975 |       400,000   392,025
mooneykn          22 |         MSCHPC     7,975 |       400,000   392,025
morahanl           0 |         MSCHPC     7,975 |       400,000   392,025
opwonyal           0 |         MSCHPC     7,975 |       400,000   392,025
osullm40           0 |         MSCHPC     7,975 |       400,000   392,025
phalpin            0 |         MSCHPC     7,975 |       400,000   392,025
pharnett           0 |         MSCHPC     7,975 |       400,000   392,025
pommee             0 |         MSCHPC     7,975 |       400,000   392,025
poneill9           0 |         MSCHPC     7,975 |       400,000   392,025
purdyd             0 |         MSCHPC     7,975 |       400,000   392,025
rooneydt           0 |         MSCHPC     7,975 |       400,000   392,025
sharding           0 |         MSCHPC     7,975 |       400,000   392,025
sikelleh           0 |         MSCHPC     7,975 |       400,000   392,025
simpsoao           0 |         MSCHPC     7,975 |       400,000   392,025
smurray4           0 |         MSCHPC     7,975 |       400,000   392,025
spellacl          77 |         MSCHPC     7,975 |       400,000   392,025
tiernemi           0 |         MSCHPC     7,975 |       400,000   392,025
walsheki           0 |         MSCHPC     7,975 |       400,000   392,025
xihu           3,025 |         MSCHPC     7,975 |       400,000   392,025
zhuang             0 |         MSCHPC     7,975 |       400,000   392,025


Acknowledgements:
=================

Note that usage of TCHPC Resources *must* be acknowledged in all publications.

Please see this page for details relevant to this cluster:

http://www.tchpc.tcd.ie/resources/acknowledgementpolicy

################################################################################
