right to refine
top to refine
refine to right
refine to top
right to refine
top to refine
right to refine
top to refine
right to refine
top to refine
refine to right
refine to top
right to refine
top to refine
refine to right
refine to top
right to refine
right to refine
top to refine
refine to right
refine to top
right to refine
top to refine
refine to right
refine to top
right to refine
top to refine
refine to right
refine to top
right to refine
top to refine
refine to right
refine to top
right to refine
right to refine
top to refine
refine to right
refine to top
top to refine
refine to right
right to refine
top to refine
right to refine
top to refine
inject refine
interface top refine
interface right refine
interface corner refine
refine to right
refine to top
right to refine
top to refine
inject refine
interface top refine
interface right refine
interface corner refine
refine to right
refine to top
right to refine
top to refine
right to refine
top to refine
inject refine
interface top refine
interface right refine
interface corner refine
refine to right
right to refine
top to refine
right to refine
top to refine
inject refine
interface top refine
interface right refine
interface corner refine
refine to right
refine to top
right to refine
top to refine
inject refine
interface top refine
interface right refine
interface corner refine
refine to right
refine to top
right to refine
top to refine
right to refine
top to refine
inject refine
interface top refine
interface right refine
interface corner refine
refine to right
refine to top
right to refine
top to refine
inject refine
interface top refine
interface right refine
interface corner refine
refine to right
refine to top
right to refine
right to refine
top to refine
inject refine
interface top refine
interface right refine
interface corner refine
refine to right
refine to top
right to refine
right to refine
top to refine
inject refine
interface top refine
interface right refine
interface corner refine
refine to right
refine to top
right to refine
top to refine
inject refine
interface top refine
interface right refine
interface corner refine
refine to right
refine to top
refine to top
top to refine
inject refine
interface top refine
interface right refine
refine to right
refine to top
inject refine
interface top refine
interface right refine
interface corner refine
refine to right
refine to top
inject refine
interface top refine
interface right refine
interface corner refine
refine to right
refine to top
refine to top
inject refine
interface top refine
interface right refine
interface corner refine
refine to right
refine to top
top to refine
inject refine
interface top refine
interface right refine
interface corner refine
refine to right
top to refine
refine to right
interface corner refine
refine to right
refine to top
refine to top
refine to top
refine to right
refine to top
inject refine
interface top refine
interface right refine
interface corner refine
refine to right
refine to top
slurmstepd: *** JOB 233454 ON lonsdale-n001 CANCELLED AT 2016-08-29T03:09:28 ***


###############################################################################
TCHPC Cluster: lonsdale
Job 233454 (diffusion) for User 'donaghek' in Account 'mschpc'
Finished at: Mon Aug 29 03:09:28 IST 2016

Job completion status:
======================

       JobID    JobName AllocCPUS NTasks NNodes     MaxRSS    MaxRSSNode  MaxDiskRead MaxDiskWrite    Elapsed      State ExitCode 
------------ ---------- --------- ------ ------ ---------- ------------- ------------ ------------ ---------- ---------- -------- 
233454        diffusion        32             4                                                      00:02:50 CANCELLED+      0:0 
233454.0          orted         3      3      3                                                      00:02:49  CANCELLED      0:0 


Job details:
============

JobId=233454 JobName=diffusion
   UserId=donaghek(5753) GroupId=donaghek(9558)
   Priority=10154620 Nice=0 Account=mschpc QOS=normal
   JobState=COMPLETING Reason=None Dependency=(null)
   Requeue=1 Restarts=0 BatchFlag=1 Reboot=0 ExitCode=0:0
   DerivedExitCode=0:0
   RunTime=00:02:50 TimeLimit=00:30:00 TimeMin=N/A
   SubmitTime=2016-08-29T03:06:38 EligibleTime=2016-08-29T03:06:38
   StartTime=2016-08-29T03:06:38 EndTime=2016-08-29T03:09:28
   PreemptTime=None SuspendTime=None SecsPreSuspend=0
   Partition=debug AllocNode:Sid=lonsdale-n032:16763
   ReqNodeList=(null) ExcNodeList=(null)
   NodeList=lonsdale-n[001-004]
   BatchHost=lonsdale-n001
   NumNodes=4 NumCPUs=32 CPUs/Task=1 ReqB:S:C:T=0:0:*:*
   TRES=cpu=32,mem=60000,node=4
   Socks/Node=* NtasksPerN:B:S:C=0:0:*:* CoreSpec=*
     Nodes=lonsdale-n[001-004] CPU_IDs=0-7 Mem=15000
   MinCPUsNode=1 MinMemoryNode=15000M MinTmpDiskNode=0
   Features=(null) Gres=(null) Reservation=(null)
   Shared=0 Contiguous=0 Licenses=(null) Network=(null)
   Command=/home/users/mschpc/2015/donaghek/ParDiffRefine/ParallelRefine/slurm.sh
   WorkDir=/home/users/mschpc/2015/donaghek/ParDiffRefine/ParallelRefine
   StdErr=/home/users/mschpc/2015/donaghek/ParDiffRefine/ParallelRefine/slurm-233454.out
   StdIn=/dev/null
   StdOut=/home/users/mschpc/2015/donaghek/ParDiffRefine/ParallelRefine/slurm-233454.out
   Power= SICP=0


Disk quota details:
===================

Quota Type           Name  Filesystem     Usage in MB     Limit in MB    % Used
-------------------------------------------------------------------------------
USER             donaghek       /home              28          51,200     0.06%

GROUP              mschpc   /projects          23,731          51,200    46.35%


SLURM Bank Statement:
=====================

User           Usage |        Account     Usage | Account Limit Available (CPU hrs)
---------- --------- + -------------- --------- + ------------- ---------
aocurran          76 |         MSCHPC     5,008 |       400,000   394,992
dalyso             0 |         MSCHPC     5,008 |       400,000   394,992
donaghek         388 |         MSCHPC     5,008 |       400,000   394,992
donnelj1           0 |         MSCHPC     5,008 |       400,000   394,992
hannigs            0 |         MSCHPC     5,008 |       400,000   394,992
holtonmi           0 |         MSCHPC     5,008 |       400,000   394,992
howardrj           0 |         MSCHPC     5,008 |       400,000   394,992
jabehan            0 |         MSCHPC     5,008 |       400,000   394,992
jbulava            0 |         MSCHPC     5,008 |       400,000   394,992
jfagan         1,275 |         MSCHPC     5,008 |       400,000   394,992
jose               0 |         MSCHPC     5,008 |       400,000   394,992
kcleary            0 |         MSCHPC     5,008 |       400,000   394,992
liul1              0 |         MSCHPC     5,008 |       400,000   394,992
lomalle            0 |         MSCHPC     5,008 |       400,000   394,992
makirby            0 |         MSCHPC     5,008 |       400,000   394,992
manninmi           0 |         MSCHPC     5,008 |       400,000   394,992
mooneykn          23 |         MSCHPC     5,008 |       400,000   394,992
morahanl           0 |         MSCHPC     5,008 |       400,000   394,992
opwonyal           0 |         MSCHPC     5,008 |       400,000   394,992
osullm40           0 |         MSCHPC     5,008 |       400,000   394,992
phalpin            0 |         MSCHPC     5,008 |       400,000   394,992
pharnett           0 |         MSCHPC     5,008 |       400,000   394,992
pommee             0 |         MSCHPC     5,008 |       400,000   394,992
poneill9           0 |         MSCHPC     5,008 |       400,000   394,992
purdyd             0 |         MSCHPC     5,008 |       400,000   394,992
rooneydt           0 |         MSCHPC     5,008 |       400,000   394,992
sharding           0 |         MSCHPC     5,008 |       400,000   394,992
sikelleh           0 |         MSCHPC     5,008 |       400,000   394,992
simpsoao           0 |         MSCHPC     5,008 |       400,000   394,992
smurray4           0 |         MSCHPC     5,008 |       400,000   394,992
spellacl          81 |         MSCHPC     5,008 |       400,000   394,992
tiernemi           0 |         MSCHPC     5,008 |       400,000   394,992
walsheki           0 |         MSCHPC     5,008 |       400,000   394,992
xihu           3,166 |         MSCHPC     5,008 |       400,000   394,992
zhuang             0 |         MSCHPC     5,008 |       400,000   394,992


Acknowledgements:
=================

Note that usage of TCHPC Resources *must* be acknowledged in all publications.

Please see this page for details relevant to this cluster:

http://www.tchpc.tcd.ie/resources/acknowledgementpolicy

################################################################################
