slurmstepd: *** JOB 233452 ON lonsdale-n001 CANCELLED AT 2016-08-29T03:00:11 ***


###############################################################################
TCHPC Cluster: lonsdale
Job 233452 (diffusion) for User 'donaghek' in Account 'mschpc'
Finished at: Mon Aug 29 03:00:11 IST 2016

Job completion status:
======================

       JobID    JobName AllocCPUS NTasks NNodes     MaxRSS    MaxRSSNode  MaxDiskRead MaxDiskWrite    Elapsed      State ExitCode 
------------ ---------- --------- ------ ------ ---------- ------------- ------------ ------------ ---------- ---------- -------- 
233452        diffusion        32             4                                                      00:01:36 CANCELLED+      0:0 
233452.0          orted         3      3      3                                                      00:01:36  CANCELLED      0:0 


Job details:
============

JobId=233452 JobName=diffusion
   UserId=donaghek(5753) GroupId=donaghek(9558)
   Priority=10154671 Nice=0 Account=mschpc QOS=normal
   JobState=COMPLETING Reason=None Dependency=(null)
   Requeue=1 Restarts=0 BatchFlag=1 Reboot=0 ExitCode=0:0
   DerivedExitCode=0:0
   RunTime=00:01:36 TimeLimit=00:30:00 TimeMin=N/A
   SubmitTime=2016-08-29T02:58:34 EligibleTime=2016-08-29T02:58:34
   StartTime=2016-08-29T02:58:35 EndTime=2016-08-29T03:00:11
   PreemptTime=None SuspendTime=None SecsPreSuspend=0
   Partition=debug AllocNode:Sid=lonsdale-n032:16763
   ReqNodeList=(null) ExcNodeList=(null)
   NodeList=lonsdale-n[001-004]
   BatchHost=lonsdale-n001
   NumNodes=4 NumCPUs=32 CPUs/Task=1 ReqB:S:C:T=0:0:*:*
   TRES=cpu=32,mem=60000,node=4
   Socks/Node=* NtasksPerN:B:S:C=0:0:*:* CoreSpec=*
     Nodes=lonsdale-n[001-004] CPU_IDs=0-7 Mem=15000
   MinCPUsNode=1 MinMemoryNode=15000M MinTmpDiskNode=0
   Features=(null) Gres=(null) Reservation=(null)
   Shared=0 Contiguous=0 Licenses=(null) Network=(null)
   Command=/home/users/mschpc/2015/donaghek/ParDiffRefine/ParallelRefine/slurm.sh
   WorkDir=/home/users/mschpc/2015/donaghek/ParDiffRefine/ParallelRefine
   StdErr=/home/users/mschpc/2015/donaghek/ParDiffRefine/ParallelRefine/slurm-233452.out
   StdIn=/dev/null
   StdOut=/home/users/mschpc/2015/donaghek/ParDiffRefine/ParallelRefine/slurm-233452.out
   Power= SICP=0


Disk quota details:
===================

Quota Type           Name  Filesystem     Usage in MB     Limit in MB    % Used
-------------------------------------------------------------------------------
USER             donaghek       /home              28          51,200     0.06%

GROUP              mschpc   /projects          23,731          51,200    46.35%


SLURM Bank Statement:
=====================

User           Usage |        Account     Usage | Account Limit Available (CPU hrs)
---------- --------- + -------------- --------- + ------------- ---------
aocurran          76 |         MSCHPC     4,990 |       400,000   395,010
dalyso             0 |         MSCHPC     4,990 |       400,000   395,010
donaghek         382 |         MSCHPC     4,990 |       400,000   395,010
donnelj1           0 |         MSCHPC     4,990 |       400,000   395,010
hannigs            0 |         MSCHPC     4,990 |       400,000   395,010
holtonmi           0 |         MSCHPC     4,990 |       400,000   395,010
howardrj           0 |         MSCHPC     4,990 |       400,000   395,010
jabehan            0 |         MSCHPC     4,990 |       400,000   395,010
jbulava            0 |         MSCHPC     4,990 |       400,000   395,010
jfagan         1,261 |         MSCHPC     4,990 |       400,000   395,010
jose               0 |         MSCHPC     4,990 |       400,000   395,010
kcleary            0 |         MSCHPC     4,990 |       400,000   395,010
liul1              0 |         MSCHPC     4,990 |       400,000   395,010
lomalle            0 |         MSCHPC     4,990 |       400,000   395,010
makirby            0 |         MSCHPC     4,990 |       400,000   395,010
manninmi           0 |         MSCHPC     4,990 |       400,000   395,010
mooneykn          23 |         MSCHPC     4,990 |       400,000   395,010
morahanl           0 |         MSCHPC     4,990 |       400,000   395,010
opwonyal           0 |         MSCHPC     4,990 |       400,000   395,010
osullm40           0 |         MSCHPC     4,990 |       400,000   395,010
phalpin            0 |         MSCHPC     4,990 |       400,000   395,010
pharnett           0 |         MSCHPC     4,990 |       400,000   395,010
pommee             0 |         MSCHPC     4,990 |       400,000   395,010
poneill9           0 |         MSCHPC     4,990 |       400,000   395,010
purdyd             0 |         MSCHPC     4,990 |       400,000   395,010
rooneydt           0 |         MSCHPC     4,990 |       400,000   395,010
sharding           0 |         MSCHPC     4,990 |       400,000   395,010
sikelleh           0 |         MSCHPC     4,990 |       400,000   395,010
simpsoao           0 |         MSCHPC     4,990 |       400,000   395,010
smurray4           0 |         MSCHPC     4,990 |       400,000   395,010
spellacl          81 |         MSCHPC     4,990 |       400,000   395,010
tiernemi           0 |         MSCHPC     4,990 |       400,000   395,010
walsheki           0 |         MSCHPC     4,990 |       400,000   395,010
xihu           3,167 |         MSCHPC     4,990 |       400,000   395,010
zhuang             0 |         MSCHPC     4,990 |       400,000   395,010


Acknowledgements:
=================

Note that usage of TCHPC Resources *must* be acknowledged in all publications.

Please see this page for details relevant to this cluster:

http://www.tchpc.tcd.ie/resources/acknowledgementpolicy

################################################################################
