[lonsdale-n004:26583] *** Process received signal ***
[lonsdale-n004:26583] Signal: Segmentation fault (11)
[lonsdale-n004:26583] Signal code: Address not mapped (1)
[lonsdale-n004:26583] Failing at address: 0xe0000001d
[lonsdale-n004:26584] *** Process received signal ***
[lonsdale-n004:26586] *** Process received signal ***
[lonsdale-n004:26586] Signal: Segmentation fault (11)
[lonsdale-n004:26586] Signal code: Address not mapped (1)
[lonsdale-n004:26586] Failing at address: 0xe0000001d
[lonsdale-n004:26584] Signal: Segmentation fault (11)
[lonsdale-n004:26584] Signal code: Address not mapped (1)
[lonsdale-n004:26584] Failing at address: 0xe0000001d
[lonsdale-n004:26585] *** Process received signal ***
[lonsdale-n004:26585] Signal: Segmentation fault (11)
[lonsdale-n004:26585] Signal code: Address not mapped (1)
[lonsdale-n004:26585] Failing at address: 0xe0000001d
[lonsdale-n004:26583] [ 0] /lib64/libpthread.so.0[0x364e20f7e0]
[lonsdale-n004:26583] [ 1] [lonsdale-n004:26584] [ 0] /lib64/libpthread.so.0[0x364e20f7e0]
[lonsdale-n004:26584] [ 1] [lonsdale-n004:26585] [ 0] /lib64/libpthread.so.0[0x364e20f7e0]
[lonsdale-n004:26585] [ 1] /home/support/apps/cports/rhel-6.x86_64/gnu4.9.3/openmpi/1.8.6/lib/libopen-pal.so.6(opal_memory_ptmalloc2_int_malloc+0x1c8)[0x2ab4f590bf08]
[lonsdale-n004:26585] [ 2] /home/support/apps/cports/rhel-6.x86_64/gnu4.9.3/openmpi/1.8.6/lib/libopen-pal.so.6(opal_memory_ptmalloc2_malloc+0x99)[0x2ab4f590cc49]
[lonsdale-n004:26585] [ 3] /home/support/apps/cports/rhel-6.x86_64/gnu4.9.3/openmpi/1.8.6/lib/libopen-pal.so.6(opal_memory_ptmalloc2_int_malloc+0x1c8)[0x2ba0f2a3bf08]
[lonsdale-n004:26583] [ 2] /home/support/apps/cports/rhel-6.x86_64/gnu4.9.3/openmpi/1.8.6/lib/libopen-pal.so.6(opal_memory_ptmalloc2_malloc+0x99)[0x2ba0f2a3cc49]
[lonsdale-n004:26583] [ 3] /home/support/apps/cports/rhel-6.x86_64/gnu4.9.3/openmpi/1.8.6/lib/libmpi.so.1(ompi_group_allocate+0x17)[0x2ba0f2473527]
[lonsdale-n004:26583] [ 4] /home/support/apps/cports/rhel-6.x86_64/gnu4.9.3/openmpi/1.8.6/lib/libmpi.so.1(ompi_group_incl_plist+0x22)[0x2ba0f2473f82]
[lonsdale-n004:26583] [ 5] [lonsdale-n004:26586] [ 0] /lib64/libpthread.so.0[0x364e20f7e0]
[lonsdale-n004:26586] [ 1] /home/support/apps/cports/rhel-6.x86_64/gnu4.9.3/openmpi/1.8.6/lib/libopen-pal.so.6(opal_memory_ptmalloc2_int_malloc+0x1c8)[0x2b0ec702ef08]
[lonsdale-n004:26586] [ 2] /home/support/apps/cports/rhel-6.x86_64/gnu4.9.3/openmpi/1.8.6/lib/libopen-pal.so.6(opal_memory_ptmalloc2_malloc+0x99)[0x2b0ec702fc49]
[lonsdale-n004:26586] [ 3] /home/support/apps/cports/rhel-6.x86_64/gnu4.9.3/openmpi/1.8.6/lib/libopen-pal.so.6(opal_memory_ptmalloc2_int_malloc+0x1c8)[0x2ae5315aff08]
[lonsdale-n004:26584] [ 2] /home/support/apps/cports/rhel-6.x86_64/gnu4.9.3/openmpi/1.8.6/lib/libopen-pal.so.6(opal_memory_ptmalloc2_malloc+0x99)[0x2ae5315b0c49]
[lonsdale-n004:26584] [ 3] /home/support/apps/cports/rhel-6.x86_64/gnu4.9.3/openmpi/1.8.6/lib/libmpi.so.1(ompi_group_allocate+0x17)[0x2ae530fe7527]
[lonsdale-n004:26584] [ 4] /home/support/apps/cports/rhel-6.x86_64/gnu4.9.3/openmpi/1.8.6/lib/libmpi.so.1(ompi_group_incl_plist+0x22)[0x2ae530fe7f82]
[lonsdale-n004:26584] [ 5] /home/support/apps/cports/rhel-6.x86_64/gnu4.9.3/openmpi/1.8.6/lib/libmpi.so.1(MPI_Group_incl+0x101)[0x2ae53100d841]
[lonsdale-n004:26584] [ 6] par_refine[0x4013f6]
[lonsdale-n004:26584] [ 7] /lib64/libc.so.6(__libc_start_main+0xfd)[0x364da1ed5d]
[lonsdale-n004:26584] [ 8] par_refine[0x400fa9]
[lonsdale-n004:26584] *** End of error message ***
/home/support/apps/cports/rhel-6.x86_64/gnu4.9.3/openmpi/1.8.6/lib/libmpi.so.1(ompi_group_allocate+0x17)[0x2b0ec6a66527]
[lonsdale-n004:26586] [ 4] /home/support/apps/cports/rhel-6.x86_64/gnu4.9.3/openmpi/1.8.6/lib/libmpi.so.1(ompi_group_incl_plist+0x22)[0x2b0ec6a66f82]
[lonsdale-n004:26586] [ 5] /home/support/apps/cports/rhel-6.x86_64/gnu4.9.3/openmpi/1.8.6/lib/libmpi.so.1(MPI_Group_incl+0x101)[0x2b0ec6a8c841]
[lonsdale-n004:26586] [ 6] par_refine[0x4013f6]
[lonsdale-n004:26586] [ 7] /lib64/libc.so.6(__libc_start_main+0xfd)[0x364da1ed5d]
[lonsdale-n004:26586] /home/support/apps/cports/rhel-6.x86_64/gnu4.9.3/openmpi/1.8.6/lib/libmpi.so.1(ompi_group_allocate+0x17)[0x2ab4f5343527]
[lonsdale-n004:26585] [ 4] /home/support/apps/cports/rhel-6.x86_64/gnu4.9.3/openmpi/1.8.6/lib/libmpi.so.1(ompi_group_incl_plist+0x22)[0x2ab4f5343f82]
[lonsdale-n004:26585] [ 5] /home/support/apps/cports/rhel-6.x86_64/gnu4.9.3/openmpi/1.8.6/lib/libmpi.so.1(MPI_Group_incl+0x101)[0x2ab4f5369841]
[lonsdale-n004:26585] [ 6] par_refine[0x4013f6]
[lonsdale-n004:26585] [ 7] /lib64/libc.so.6(__libc_start_main+0xfd)[0x364da1ed5d]
[lonsdale-n004:26585] [ 8] par_refine[0x400fa9]
[lonsdale-n004:26585] *** End of error message ***
/home/support/apps/cports/rhel-6.x86_64/gnu4.9.3/openmpi/1.8.6/lib/libmpi.so.1(MPI_Group_incl+0x101)[0x2ba0f2499841]
[lonsdale-n004:26583] [ 6] par_refine[0x4013f6]
[lonsdale-n004:26583] [ 7] /lib64/libc.so.6(__libc_start_main+0xfd)[0x364da1ed5d]
[lonsdale-n004:26583] [ 8] par_refine[0x400fa9]
[lonsdale-n004:26583] *** End of error message ***
[ 8] par_refine[0x400fa9]
[lonsdale-n004:26586] *** End of error message ***
[lonsdale-n002:21085] *** Process received signal ***
[lonsdale-n002:21085] Signal: Segmentation fault (11)
[lonsdale-n002:21085] Signal code: Address not mapped (1)
[lonsdale-n002:21085] Failing at address: 0xe0000001d
[lonsdale-n003:07786] *** Process received signal ***
[lonsdale-n003:07786] Signal: Segmentation fault (11)
[lonsdale-n003:07786] Signal code: Address not mapped (1)
[lonsdale-n003:07786] Failing at address: 0xe0000001d
[lonsdale-n002:21083] *** Process received signal ***
[lonsdale-n002:21083] Signal: Segmentation fault (11)
[lonsdale-n002:21083] Signal code: Address not mapped (1)
[lonsdale-n002:21083] Failing at address: 0xe0000001d
[lonsdale-n001:29068] *** Process received signal ***
[lonsdale-n001:29068] Signal: Segmentation fault (11)
[lonsdale-n001:29068] Signal code: Address not mapped (1)
[lonsdale-n001:29068] Failing at address: 0xe0000001d
[lonsdale-n003:07789] *** Process received signal ***
[lonsdale-n003:07789] Signal: Segmentation fault (11)
[lonsdale-n003:07789] Signal code: Address not mapped (1)
[lonsdale-n003:07789] Failing at address: 0xe0000001d
[lonsdale-n002:21080] *** Process received signal ***
[lonsdale-n002:21080] Signal: Segmentation fault (11)
[lonsdale-n002:21080] Signal code: Address not mapped (1)
[lonsdale-n002:21080] Failing at address: 0xe0000001d
[lonsdale-n003:07784] *** Process received signal ***
[lonsdale-n003:07784] Signal: Segmentation fault (11)
[lonsdale-n003:07784] Signal code: Address not mapped (1)
[lonsdale-n003:07784] Failing at address: 0xe0000001d
[lonsdale-n001:29067] *** Process received signal ***
[lonsdale-n001:29067] Signal: Segmentation fault (11)
[lonsdale-n001:29067] Signal code: Address not mapped (1)
[lonsdale-n001:29067] Failing at address: 0xe0000001d
[lonsdale-n003:07782] *** Process received signal ***
[lonsdale-n003:07782] Signal: Segmentation fault (11)
[lonsdale-n003:07782] Signal code: Address not mapped (1)
[lonsdale-n003:07782] Failing at address: 0xe0000001d
[lonsdale-n002:21084] *** Process received signal ***
[lonsdale-n002:21084] Signal: Segmentation fault (11)
[lonsdale-n002:21084] Signal code: Address not mapped (1)
[lonsdale-n002:21084] Failing at address: 0xe0000001d
[lonsdale-n001:29070] *** Process received signal ***
[lonsdale-n001:29070] Signal: Segmentation fault (11)
[lonsdale-n001:29070] Signal code: Address not mapped (1)
[lonsdale-n001:29070] Failing at address: 0xe0000001d
[lonsdale-n001:29071] *** Process received signal ***
[lonsdale-n001:29071] Signal: Segmentation fault (11)
[lonsdale-n001:29071] Signal code: Address not mapped (1)
[lonsdale-n001:29071] Failing at address: 0xe0000001d
[lonsdale-n001:29071] [ 0] /lib64/libpthread.so.0[0x3564e0f7e0]
[lonsdale-n001:29071] [ 1] /home/support/apps/cports/rhel-6.x86_64/gnu4.9.3/openmpi/1.8.6/lib/libopen-pal.so.6(opal_memory_ptmalloc2_int_malloc+0x1c8)[0x2aee8d4d9f08]
[lonsdale-n001:29071] [ 2] /home/support/apps/cports/rhel-6.x86_64/gnu4.9.3/openmpi/1.8.6/lib/libopen-pal.so.6(opal_memory_ptmalloc2_malloc+0x99)[0x2aee8d4dac49]
[lonsdale-n001:29071] [ 3] /home/support/apps/cports/rhel-6.x86_64/gnu4.9.3/openmpi/1.8.6/lib/libmpi.so.1(ompi_group_allocate+0x17)[0x2aee8cf11527]
[lonsdale-n001:29071] [ 4] /home/support/apps/cports/rhel-6.x86_64/gnu4.9.3/openmpi/1.8.6/lib/libmpi.so.1(ompi_group_incl_plist+0x22)[0x2aee8cf11f82]
[lonsdale-n001:29071] [ 5] /home/support/apps/cports/rhel-6.x86_64/gnu4.9.3/openmpi/1.8.6/lib/libmpi.so.1(MPI_Group_incl+0x101)[0x2aee8cf37841]
[lonsdale-n001:29071] [ 6] par_refine[0x4013f6]
[lonsdale-n001:29071] [ 7] /lib64/libc.so.6(__libc_start_main+0xfd)[0x356461ed5d]
[lonsdale-n001:29071] [ 8] par_refine[0x400fa9]
[lonsdale-n001:29071] *** End of error message ***
[lonsdale-n001:29072] *** Process received signal ***
[lonsdale-n001:29072] Signal: Segmentation fault (11)
[lonsdale-n001:29072] Signal code: Address not mapped (1)
[lonsdale-n001:29072] Failing at address: 0xe0000001d
[lonsdale-n001:29072] [ 0] /lib64/libpthread.so.0[0x3564e0f7e0]
[lonsdale-n001:29072] [ 1] /home/support/apps/cports/rhel-6.x86_64/gnu4.9.3/openmpi/1.8.6/lib/libopen-pal.so.6(opal_memory_ptmalloc2_int_malloc+0x1c8)[0x2aaae14f9f08]
[lonsdale-n001:29072] [ 2] /home/support/apps/cports/rhel-6.x86_64/gnu4.9.3/openmpi/1.8.6/lib/libopen-pal.so.6(opal_memory_ptmalloc2_malloc+0x99)[0x2aaae14fac49]
[lonsdale-n001:29072] [ 3] /home/support/apps/cports/rhel-6.x86_64/gnu4.9.3/openmpi/1.8.6/lib/libmpi.so.1(ompi_group_allocate+0x17)[0x2aaae0f31527]
[lonsdale-n001:29072] [ 4] /home/support/apps/cports/rhel-6.x86_64/gnu4.9.3/openmpi/1.8.6/lib/libmpi.so.1(ompi_group_incl_plist+0x22)[0x2aaae0f31f82]
[lonsdale-n001:29072] [ 5] /home/support/apps/cports/rhel-6.x86_64/gnu4.9.3/openmpi/1.8.6/lib/libmpi.so.1(MPI_Group_incl+0x101)[0x2aaae0f57841]
[lonsdale-n001:29072] [ 6] par_refine[0x4013f6]
[lonsdale-n001:29072] [ 7] /lib64/libc.so.6(__libc_start_main+0xfd)[0x356461ed5d]
[lonsdale-n001:29072] [ 8] par_refine[0x400fa9]
[lonsdale-n001:29072] *** End of error message ***
[lonsdale-n001:29075] *** Process received signal ***
[lonsdale-n001:29075] Signal: Segmentation fault (11)
[lonsdale-n001:29075] Signal code: Address not mapped (1)
[lonsdale-n001:29075] Failing at address: 0xe0000001d
[lonsdale-n001:29075] [ 0] /lib64/libpthread.so.0[0x3564e0f7e0]
[lonsdale-n001:29075] [ 1] /home/support/apps/cports/rhel-6.x86_64/gnu4.9.3/openmpi/1.8.6/lib/libopen-pal.so.6(opal_memory_ptmalloc2_int_malloc+0x1c8)[0x2b1e112bef08]
[lonsdale-n001:29075] [ 2] /home/support/apps/cports/rhel-6.x86_64/gnu4.9.3/openmpi/1.8.6/lib/libopen-pal.so.6(opal_memory_ptmalloc2_malloc+0x99)[0x2b1e112bfc49]
[lonsdale-n001:29075] [ 3] /home/support/apps/cports/rhel-6.x86_64/gnu4.9.3/openmpi/1.8.6/lib/libmpi.so.1(ompi_group_allocate+0x17)[0x2b1e10cf6527]
[lonsdale-n001:29075] [ 4] /home/support/apps/cports/rhel-6.x86_64/gnu4.9.3/openmpi/1.8.6/lib/libmpi.so.1(ompi_group_incl_plist+0x22)[0x2b1e10cf6f82]
[lonsdale-n001:29075] [ 5] /home/support/apps/cports/rhel-6.x86_64/gnu4.9.3/openmpi/1.8.6/lib/libmpi.so.1(MPI_Group_incl+0x101)[0x2b1e10d1c841]
[lonsdale-n001:29075] [ 6] par_refine[0x4013f6]
[lonsdale-n001:29075] [ 7] /lib64/libc.so.6(__libc_start_main+0xfd)[0x356461ed5d]
[lonsdale-n001:29075] [ 8] par_refine[0x400fa9]
[lonsdale-n001:29075] *** End of error message ***
[lonsdale-n001:29070] [ 0] /lib64/libpthread.so.0[0x3564e0f7e0]
[lonsdale-n001:29070] [ 1] /home/support/apps/cports/rhel-6.x86_64/gnu4.9.3/openmpi/1.8.6/lib/libopen-pal.so.6(opal_memory_ptmalloc2_int_malloc+0x1c8)[0x2ad5feefff08]
[lonsdale-n001:29070] [ 2] /home/support/apps/cports/rhel-6.x86_64/gnu4.9.3/openmpi/1.8.6/lib/libopen-pal.so.6(opal_memory_ptmalloc2_malloc+0x99)[0x2ad5fef00c49]
[lonsdale-n001:29070] [ 3] /home/support/apps/cports/rhel-6.x86_64/gnu4.9.3/openmpi/1.8.6/lib/libmpi.so.1(ompi_group_allocate+0x17)[0x2ad5fe937527]
[lonsdale-n001:29070] [ 4] /home/support/apps/cports/rhel-6.x86_64/gnu4.9.3/openmpi/1.8.6/lib/libmpi.so.1(ompi_group_incl_plist+0x22)[0x2ad5fe937f82]
[lonsdale-n001:29070] [ 5] /home/support/apps/cports/rhel-6.x86_64/gnu4.9.3/openmpi/1.8.6/lib/libmpi.so.1(MPI_Group_incl+0x101)[0x2ad5fe95d841]
[lonsdale-n001:29070] [ 6] par_refine[0x4013f6]
[lonsdale-n001:29070] [ 7] /lib64/libc.so.6(__libc_start_main+0xfd)[0x356461ed5d]
[lonsdale-n001:29070] [ 8] par_refine[0x400fa9]
[lonsdale-n001:29070] *** End of error message ***
[lonsdale-n001:29066] *** Process received signal ***
[lonsdale-n001:29068] [ 0] /lib64/libpthread.so.0[0x3564e0f7e0]
[lonsdale-n001:29068] [ 1] /home/support/apps/cports/rhel-6.x86_64/gnu4.9.3/openmpi/1.8.6/lib/libopen-pal.so.6(opal_memory_ptmalloc2_int_malloc+0x1c8)[0x2ba63c75ff08]
[lonsdale-n001:29068] [ 2] /home/support/apps/cports/rhel-6.x86_64/gnu4.9.3/openmpi/1.8.6/lib/libopen-pal.so.6(opal_memory_ptmalloc2_malloc+0x99)[0x2ba63c760c49]
[lonsdale-n001:29068] [ 3] /home/support/apps/cports/rhel-6.x86_64/gnu4.9.3/openmpi/1.8.6/lib/libmpi.so.1(ompi_group_allocate+0x17)[0x2ba63c197527]
[lonsdale-n001:29068] [ 4] /home/support/apps/cports/rhel-6.x86_64/gnu4.9.3/openmpi/1.8.6/lib/libmpi.so.1(ompi_group_incl_plist+0x22)[0x2ba63c197f82]
[lonsdale-n001:29068] [ 5] /home/support/apps/cports/rhel-6.x86_64/gnu4.9.3/openmpi/1.8.6/lib/libmpi.so.1(MPI_Group_incl+0x101)[0x2ba63c1bd841]
[lonsdale-n001:29068] [ 6] par_refine[0x4013f6]
[lonsdale-n001:29068] [ 7] /lib64/libc.so.6(__libc_start_main+0xfd)[0x356461ed5d]
[lonsdale-n001:29068] [ 8] par_refine[0x400fa9]
[lonsdale-n001:29068] *** End of error message ***
[lonsdale-n001:29069] *** Process received signal ***
[lonsdale-n001:29069] Signal: Segmentation fault (11)
[lonsdale-n001:29069] Signal code: Address not mapped (1)
[lonsdale-n001:29069] Failing at address: 0xe0000001d
[lonsdale-n001:29069] [ 0] /lib64/libpthread.so.0[0x3564e0f7e0]
[lonsdale-n001:29069] [ 1] /home/support/apps/cports/rhel-6.x86_64/gnu4.9.3/openmpi/1.8.6/lib/libopen-pal.so.6(opal_memory_ptmalloc2_int_malloc+0x1c8)[0x2b5f1e19bf08]
[lonsdale-n001:29069] [ 2] /home/support/apps/cports/rhel-6.x86_64/gnu4.9.3/openmpi/1.8.6/lib/libopen-pal.so.6(opal_memory_ptmalloc2_malloc+0x99)[0x2b5f1e19cc49]
[lonsdale-n001:29069] [ 3] /home/support/apps/cports/rhel-6.x86_64/gnu4.9.3/openmpi/1.8.6/lib/libmpi.so.1(ompi_group_allocate+0x17)[0x2b5f1dbd3527]
[lonsdale-n001:29069] [ 4] /home/support/apps/cports/rhel-6.x86_64/gnu4.9.3/openmpi/1.8.6/lib/libmpi.so.1(ompi_group_incl_plist+0x22)[0x2b5f1dbd3f82]
[lonsdale-n001:29069] [ 5] /home/support/apps/cports/rhel-6.x86_64/gnu4.9.3/openmpi/1.8.6/lib/libmpi.so.1(MPI_Group_incl+0x101)[0x2b5f1dbf9841]
[lonsdale-n001:29069] [ 6] par_refine[0x4013f6]
[lonsdale-n001:29069] [ 7] /lib64/libc.so.6(__libc_start_main+0xfd)[0x356461ed5d]
[lonsdale-n001:29069] [ 8] par_refine[0x400fa9]
[lonsdale-n001:29069] *** End of error message ***
[lonsdale-n001:29067] [ 0] /lib64/libpthread.so.0[0x3564e0f7e0]
[lonsdale-n001:29067] [ 1] /home/support/apps/cports/rhel-6.x86_64/gnu4.9.3/openmpi/1.8.6/lib/libopen-pal.so.6(opal_memory_ptmalloc2_int_malloc+0x1c8)[0x2b00a9d19f08]
[lonsdale-n001:29067] [ 2] /home/support/apps/cports/rhel-6.x86_64/gnu4.9.3/openmpi/1.8.6/lib/libopen-pal.so.6(opal_memory_ptmalloc2_malloc+0x99)[0x2b00a9d1ac49]
[lonsdale-n001:29067] [ 3] /home/support/apps/cports/rhel-6.x86_64/gnu4.9.3/openmpi/1.8.6/lib/libmpi.so.1(ompi_group_allocate+0x17)[0x2b00a9751527]
[lonsdale-n001:29067] [ 4] /home/support/apps/cports/rhel-6.x86_64/gnu4.9.3/openmpi/1.8.6/lib/libmpi.so.1(ompi_group_incl_plist+0x22)[0x2b00a9751f82]
[lonsdale-n001:29067] [ 5] /home/support/apps/cports/rhel-6.x86_64/gnu4.9.3/openmpi/1.8.6/lib/libmpi.so.1(MPI_Group_incl+0x101)[0x2b00a9777841]
[lonsdale-n001:29067] [ 6] par_refine[0x4013f6]
[lonsdale-n001:29067] [ 7] /lib64/libc.so.6(__libc_start_main+0xfd)[0x356461ed5d]
[lonsdale-n001:29067] [ 8] par_refine[0x400fa9]
[lonsdale-n001:29067] *** End of error message ***
[lonsdale-n003:07785] *** Process received signal ***
[lonsdale-n003:07785] Signal: Segmentation fault (11)
[lonsdale-n003:07785] Signal code: Address not mapped (1)
[lonsdale-n003:07785] Failing at address: 0xe0000001d
[lonsdale-n002:21081] *** Process received signal ***
[lonsdale-n002:21081] Signal: Segmentation fault (11)
[lonsdale-n002:21081] Signal code: Address not mapped (1)
[lonsdale-n002:21081] Failing at address: 0xe0000001d
[lonsdale-n003:07781] *** Process received signal ***
[lonsdale-n003:07781] Signal: Segmentation fault (11)
[lonsdale-n003:07781] Signal code: Address not mapped (1)
[lonsdale-n003:07781] Failing at address: 0xe0000001d
[lonsdale-n002:21078] *** Process received signal ***
[lonsdale-n002:21078] Signal: Segmentation fault (11)
[lonsdale-n002:21078] Signal code: Address not mapped (1)
[lonsdale-n002:21078] Failing at address: 0xe0000001d
[lonsdale-n003:07790] *** Process received signal ***
[lonsdale-n002:21083] [ 0] /lib64/libpthread.so.0[0x331c00f7e0]
[lonsdale-n002:21083] [ 1] [lonsdale-n003:07790] Signal: Segmentation fault (11)
[lonsdale-n003:07790] Signal code: Address not mapped (1)
[lonsdale-n003:07790] Failing at address: 0xe0000001d
/home/support/apps/cports/rhel-6.x86_64/gnu4.9.3/openmpi/1.8.6/lib/libopen-pal.so.6(opal_memory_ptmalloc2_int_malloc+0x1c8)[0x2ab9fbfe3f08]
[lonsdale-n002:21083] [ 2] /home/support/apps/cports/rhel-6.x86_64/gnu4.9.3/openmpi/1.8.6/lib/libopen-pal.so.6(opal_memory_ptmalloc2_malloc+0x99)[0x2ab9fbfe4c49]
[lonsdale-n002:21083] [ 3] [lonsdale-n003:07783] *** Process received signal ***
[lonsdale-n003:07783] Signal: Segmentation fault (11)
[lonsdale-n003:07783] Signal code: Address not mapped (1)
[lonsdale-n003:07783] Failing at address: 0xe0000001d
/home/support/apps/cports/rhel-6.x86_64/gnu4.9.3/openmpi/1.8.6/lib/libmpi.so.1(ompi_group_allocate+0x17)[0x2ab9fba1b527]
[lonsdale-n002:21083] [ 4] /home/support/apps/cports/rhel-6.x86_64/gnu4.9.3/openmpi/1.8.6/lib/libmpi.so.1(ompi_group_incl_plist+0x22)[0x2ab9fba1bf82]
[lonsdale-n002:21083] [ 5] [lonsdale-n003:07786] [ 0] /lib64/libpthread.so.0[0x3c4980f7e0]
[lonsdale-n003:07786] [ 1] /home/support/apps/cports/rhel-6.x86_64/gnu4.9.3/openmpi/1.8.6/lib/libmpi.so.1(MPI_Group_incl+0x101)[0x2ab9fba41841]
[lonsdale-n002:21083] [ 6] par_refine[0x4013f6]
[lonsdale-n002:21083] [ 7] /lib64/libc.so.6(__libc_start_main+0xfd)[0x331b81ed5d]
[lonsdale-n002:21083] [ 8] par_refine[0x400fa9]
/home/support/apps/cports/rhel-6.x86_64/gnu4.9.3/openmpi/1.8.6/lib/libopen-pal.so.6(opal_memory_ptmalloc2_int_malloc+0x1c8)[0x2ad918b6ef08]
[lonsdale-n003:07786] [ 2] /home/support/apps/cports/rhel-6.x86_64/gnu4.9.3/openmpi/1.8.6/lib/libopen-pal.so.6(opal_memory_ptmalloc2_malloc+0x99)[0x2ad918b6fc49]
[lonsdale-n003:07786] [ 3] [lonsdale-n002:21083] *** End of error message ***
/home/support/apps/cports/rhel-6.x86_64/gnu4.9.3/openmpi/1.8.6/lib/libmpi.so.1(ompi_group_allocate+0x17)[0x2ad9185a6527]
[lonsdale-n003:07786] [ 4] /home/support/apps/cports/rhel-6.x86_64/gnu4.9.3/openmpi/1.8.6/lib/libmpi.so.1(ompi_group_incl_plist+0x22)[0x2ad9185a6f82]
[lonsdale-n003:07786] [ 5] /home/support/apps/cports/rhel-6.x86_64/gnu4.9.3/openmpi/1.8.6/lib/libmpi.so.1(MPI_Group_incl+0x101)[0x2ad9185cc841]
[lonsdale-n003:07786] [ 6] par_refine[0x4013f6]
[lonsdale-n003:07786] [ 7] [lonsdale-n002:21085] [ 0] /lib64/libc.so.6(__libc_start_main+0xfd)[0x3c4901ed5d]
[lonsdale-n003:07786] [ 8] par_refine[0x400fa9]
[lonsdale-n003:07786] *** End of error message ***
/lib64/libpthread.so.0[0x331c00f7e0]
[lonsdale-n002:21085] [ 1] [lonsdale-n003:07789] [ 0] /lib64/libpthread.so.0[0x3c4980f7e0]
[lonsdale-n003:07789] [ 1] /home/support/apps/cports/rhel-6.x86_64/gnu4.9.3/openmpi/1.8.6/lib/libopen-pal.so.6(opal_memory_ptmalloc2_int_malloc+0x1c8)[0x2ac675641f08]
[lonsdale-n002:21085] [ 2] /home/support/apps/cports/rhel-6.x86_64/gnu4.9.3/openmpi/1.8.6/lib/libopen-pal.so.6(opal_memory_ptmalloc2_malloc+0x99)[0x2ac675642c49]
[lonsdale-n002:21085] [ 3] /home/support/apps/cports/rhel-6.x86_64/gnu4.9.3/openmpi/1.8.6/lib/libopen-pal.so.6(opal_memory_ptmalloc2_int_malloc+0x1c8)[0x2b4ab7075f08]
[lonsdale-n003:07789] [ 2] /home/support/apps/cports/rhel-6.x86_64/gnu4.9.3/openmpi/1.8.6/lib/libopen-pal.so.6(opal_memory_ptmalloc2_malloc+0x99)[0x2b4ab7076c49]
[lonsdale-n003:07789] [ 3] /home/support/apps/cports/rhel-6.x86_64/gnu4.9.3/openmpi/1.8.6/lib/libmpi.so.1(ompi_group_allocate+0x17)[0x2ac675079527]
[lonsdale-n002:21085] [ 4] /home/support/apps/cports/rhel-6.x86_64/gnu4.9.3/openmpi/1.8.6/lib/libmpi.so.1(ompi_group_incl_plist+0x22)[0x2ac675079f82]
[lonsdale-n002:21085] [ 5] /home/support/apps/cports/rhel-6.x86_64/gnu4.9.3/openmpi/1.8.6/lib/libmpi.so.1(MPI_Group_incl+0x101)[0x2ac67509f841]
[lonsdale-n002:21085] [ 6] par_refine[0x4013f6]
[lonsdale-n002:21085] [ 7] /lib64/libc.so.6(__libc_start_main+0xfd)[0x331b81ed5d]
[lonsdale-n002:21085] [ 8] par_refine[0x400fa9]
[lonsdale-n002:21085] *** End of error message ***
[lonsdale-n003:07782] [ 0] /lib64/libpthread.so.0[0x3c4980f7e0]
[lonsdale-n003:07782] [ 1] /home/support/apps/cports/rhel-6.x86_64/gnu4.9.3/openmpi/1.8.6/lib/libopen-pal.so.6(opal_memory_ptmalloc2_int_malloc+0x1c8)[0x2b9fa0c1af08]
[lonsdale-n003:07782] [ 2] /home/support/apps/cports/rhel-6.x86_64/gnu4.9.3/openmpi/1.8.6/lib/libopen-pal.so.6(opal_memory_ptmalloc2_malloc+0x99)[0x2b9fa0c1bc49]
[lonsdale-n003:07782] [ 3] /home/support/apps/cports/rhel-6.x86_64/gnu4.9.3/openmpi/1.8.6/lib/libmpi.so.1(ompi_group_allocate+0x17)[0x2b9fa0652527]
[lonsdale-n003:07782] [ 4] /home/support/apps/cports/rhel-6.x86_64/gnu4.9.3/openmpi/1.8.6/lib/libmpi.so.1(ompi_group_incl_plist+0x22)[0x2b9fa0652f82]
[lonsdale-n003:07782] [ 5] [lonsdale-n002:21079] *** Process received signal ***
[lonsdale-n002:21079] Signal: Segmentation fault (11)
[lonsdale-n002:21079] Signal code: Address not mapped (1)
[lonsdale-n002:21079] Failing at address: 0xe0000001d
[lonsdale-n003:07784] [ 0] /lib64/libpthread.so.0[0x3c4980f7e0]
[lonsdale-n003:07784] [ 1] /home/support/apps/cports/rhel-6.x86_64/gnu4.9.3/openmpi/1.8.6/lib/libopen-pal.so.6(opal_memory_ptmalloc2_int_malloc+0x1c8)[0x2b5395beff08]
[lonsdale-n003:07784] [ 2] /home/support/apps/cports/rhel-6.x86_64/gnu4.9.3/openmpi/1.8.6/lib/libopen-pal.so.6(opal_memory_ptmalloc2_malloc+0x99)[0x2b5395bf0c49]
[lonsdale-n003:07784] [ 3] /home/support/apps/cports/rhel-6.x86_64/gnu4.9.3/openmpi/1.8.6/lib/libmpi.so.1(ompi_group_allocate+0x17)[0x2b5395627527]
[lonsdale-n003:07784] [ 4] [lonsdale-n002:21080] [ 0] /lib64/libpthread.so.0[0x331c00f7e0]
[lonsdale-n002:21080] [ 1] /home/support/apps/cports/rhel-6.x86_64/gnu4.9.3/openmpi/1.8.6/lib/libopen-pal.so.6(opal_memory_ptmalloc2_int_malloc+0x1c8)[0x2acf38223f08]
[lonsdale-n002:21080] [ 2] /home/support/apps/cports/rhel-6.x86_64/gnu4.9.3/openmpi/1.8.6/lib/libmpi.so.1(ompi_group_allocate+0x17)[0x2b4ab6aad527]
[lonsdale-n003:07789] [ 4] /home/support/apps/cports/rhel-6.x86_64/gnu4.9.3/openmpi/1.8.6/lib/libmpi.so.1(ompi_group_incl_plist+0x22)[0x2b4ab6aadf82]
[lonsdale-n003:07789] [ 5] /home/support/apps/cports/rhel-6.x86_64/gnu4.9.3/openmpi/1.8.6/lib/libmpi.so.1(MPI_Group_incl+0x101)[0x2b4ab6ad3841]
[lonsdale-n003:07789] [ 6] par_refine[0x4013f6]
[lonsdale-n003:07789] [ 7] /home/support/apps/cports/rhel-6.x86_64/gnu4.9.3/openmpi/1.8.6/lib/libopen-pal.so.6(opal_memory_ptmalloc2_malloc+0x99)[0x2acf38224c49]
[lonsdale-n002:21080] [ 3] /home/support/apps/cports/rhel-6.x86_64/gnu4.9.3/openmpi/1.8.6/lib/libmpi.so.1(ompi_group_allocate+0x17)[0x2acf37c5b527]
[lonsdale-n002:21080] [ 4] /lib64/libc.so.6(__libc_start_main+0xfd)[0x3c4901ed5d]
[lonsdale-n003:07789] [ 8] par_refine[0x400fa9]
[lonsdale-n003:07789] *** End of error message ***
/home/support/apps/cports/rhel-6.x86_64/gnu4.9.3/openmpi/1.8.6/lib/libmpi.so.1(ompi_group_incl_plist+0x22)[0x2acf37c5bf82]
[lonsdale-n002:21080] [ 5] /home/support/apps/cports/rhel-6.x86_64/gnu4.9.3/openmpi/1.8.6/lib/libmpi.so.1(MPI_Group_incl+0x101)[0x2acf37c81841]
[lonsdale-n002:21080] [ 6] par_refine[0x4013f6]
[lonsdale-n002:21080] [ 7] /lib64/libc.so.6(__libc_start_main+0xfd)[0x331b81ed5d]
[lonsdale-n002:21080] [ 8] par_refine[0x400fa9]
[lonsdale-n002:21080] *** End of error message ***
/home/support/apps/cports/rhel-6.x86_64/gnu4.9.3/openmpi/1.8.6/lib/libmpi.so.1(MPI_Group_incl+0x101)[0x2b9fa0678841]
[lonsdale-n003:07782] [ 6] par_refine[0x4013f6]
[lonsdale-n003:07782] [ 7] /lib64/libc.so.6(__libc_start_main+0xfd)[0x3c4901ed5d]
[lonsdale-n003:07782] [ 8] par_refine[0x400fa9]
[lonsdale-n003:07782] *** End of error message ***
/home/support/apps/cports/rhel-6.x86_64/gnu4.9.3/openmpi/1.8.6/lib/libmpi.so.1(ompi_group_incl_plist+0x22)[0x2b5395627f82]
[lonsdale-n003:07784] [ 5] /home/support/apps/cports/rhel-6.x86_64/gnu4.9.3/openmpi/1.8.6/lib/libmpi.so.1(MPI_Group_incl+0x101)[0x2b539564d841]
[lonsdale-n003:07784] [ 6] par_refine[0x4013f6]
[lonsdale-n003:07784] [ 7] /lib64/libc.so.6(__libc_start_main+0xfd)[0x3c4901ed5d]
[lonsdale-n003:07784] [ 8] par_refine[0x400fa9]
[lonsdale-n003:07784] *** End of error message ***
[lonsdale-n002:21082] *** Process received signal ***
[lonsdale-n003:07790] [ 0] [lonsdale-n002:21082] Signal: Segmentation fault (11)
[lonsdale-n002:21082] Signal code: Address not mapped (1)
[lonsdale-n002:21082] Failing at address: 0xe0000001d
/lib64/libpthread.so.0[0x3c4980f7e0]
[lonsdale-n003:07790] [ 1] [lonsdale-n002:21084] [ 0] /lib64/libpthread.so.0[0x331c00f7e0]
[lonsdale-n002:21084] /home/support/apps/cports/rhel-6.x86_64/gnu4.9.3/openmpi/1.8.6/lib/libopen-pal.so.6(opal_memory_ptmalloc2_int_malloc+0x1c8)[0x2b079de90f08]
[lonsdale-n003:07790] [ 2] /home/support/apps/cports/rhel-6.x86_64/gnu4.9.3/openmpi/1.8.6/lib/libopen-pal.so.6(opal_memory_ptmalloc2_malloc+0x99)[0x2b079de91c49]
[lonsdale-n003:07790] [ 3] [ 1] /home/support/apps/cports/rhel-6.x86_64/gnu4.9.3/openmpi/1.8.6/lib/libopen-pal.so.6(opal_memory_ptmalloc2_int_malloc+0x1c8)[0x2b622f0adf08]
[lonsdale-n002:21084] [ 2] /home/support/apps/cports/rhel-6.x86_64/gnu4.9.3/openmpi/1.8.6/lib/libopen-pal.so.6(opal_memory_ptmalloc2_malloc+0x99)[0x2b622f0aec49]
[lonsdale-n002:21084] [ 3] /home/support/apps/cports/rhel-6.x86_64/gnu4.9.3/openmpi/1.8.6/lib/libmpi.so.1(ompi_group_allocate+0x17)[0x2b622eae5527]
[lonsdale-n002:21084] [ 4] /home/support/apps/cports/rhel-6.x86_64/gnu4.9.3/openmpi/1.8.6/lib/libmpi.so.1(ompi_group_incl_plist+0x22)[0x2b622eae5f82]
[lonsdale-n002:21084] [ 5] /home/support/apps/cports/rhel-6.x86_64/gnu4.9.3/openmpi/1.8.6/lib/libmpi.so.1(MPI_Group_incl+0x101)[0x2b622eb0b841]
[lonsdale-n002:21084] [ 6] par_refine[0x4013f6]
[lonsdale-n002:21084] [ 7] [lonsdale-n003:07783] [ 0] /lib64/libc.so.6(__libc_start_main+0xfd)[0x331b81ed5d]
[lonsdale-n002:21084] [ 8] par_refine[0x400fa9]
[lonsdale-n002:21084] *** End of error message ***
[lonsdale-n003:07781] [ 0] [lonsdale-n002:21081] [ 0] /lib64/libpthread.so.0[0x331c00f7e0]
[lonsdale-n002:21081] [ 1] /home/support/apps/cports/rhel-6.x86_64/gnu4.9.3/openmpi/1.8.6/lib/libopen-pal.so.6(opal_memory_ptmalloc2_int_malloc+0x1c8)[0x2aec0d02ff08]
[lonsdale-n002:21081] [ 2] /lib64/libpthread.so.0[0x3c4980f7e0]
[lonsdale-n003:07783] [ 1] /home/support/apps/cports/rhel-6.x86_64/gnu4.9.3/openmpi/1.8.6/lib/libmpi.so.1(ompi_group_allocate+0x17)[0x2b079d8c8527]
[lonsdale-n003:07790] [ 4] /home/support/apps/cports/rhel-6.x86_64/gnu4.9.3/openmpi/1.8.6/lib/libmpi.so.1(ompi_group_incl_plist+0x22)[0x2b079d8c8f82]
[lonsdale-n003:07790] [ 5] /home/support/apps/cports/rhel-6.x86_64/gnu4.9.3/openmpi/1.8.6/lib/libmpi.so.1(MPI_Group_incl+0x101)[0x2b079d8ee841]
[lonsdale-n003:07790] [ 6] par_refine[0x4013f6]
[lonsdale-n003:07790] [ 7] /home/support/apps/cports/rhel-6.x86_64/gnu4.9.3/openmpi/1.8.6/lib/libopen-pal.so.6(opal_memory_ptmalloc2_malloc+0x99)[0x2aec0d030c49]
[lonsdale-n002:21081] [ 3] /home/support/apps/cports/rhel-6.x86_64/gnu4.9.3/openmpi/1.8.6/lib/libmpi.so.1(ompi_group_allocate+0x17)[0x2aec0ca67527]
[lonsdale-n002:21081] [ 4] /home/support/apps/cports/rhel-6.x86_64/gnu4.9.3/openmpi/1.8.6/lib/libmpi.so.1(ompi_group_incl_plist+0x22)[0x2aec0ca67f82]
[lonsdale-n002:21081] [ 5] /lib64/libpthread.so.0[0x3c4980f7e0]
[lonsdale-n003:07781] [ 1] /home/support/apps/cports/rhel-6.x86_64/gnu4.9.3/openmpi/1.8.6/lib/libopen-pal.so.6(opal_memory_ptmalloc2_int_malloc+0x1c8)[0x2ba7857c7f08]
[lonsdale-n003:07781] [ 2] /home/support/apps/cports/rhel-6.x86_64/gnu4.9.3/openmpi/1.8.6/lib/libopen-pal.so.6(opal_memory_ptmalloc2_malloc+0x99)[0x2ba7857c8c49]
[lonsdale-n003:07781] [ 3] /home/support/apps/cports/rhel-6.x86_64/gnu4.9.3/openmpi/1.8.6/lib/libmpi.so.1(MPI_Group_incl+0x101)[0x2aec0ca8d841]
[lonsdale-n002:21081] [ 6] par_refine[0x4013f6]
[lonsdale-n002:21081] [ 7] /lib64/libc.so.6(__libc_start_main+0xfd)[0x331b81ed5d]
[lonsdale-n002:21081] [ 8] par_refine[0x400fa9]
[lonsdale-n002:21081] *** End of error message ***
/lib64/libc.so.6(__libc_start_main+0xfd)[0x3c4901ed5d]
[lonsdale-n003:07790] [ 8] par_refine[0x400fa9]
[lonsdale-n003:07790] *** End of error message ***
[lonsdale-n002:21082] [ 0] /lib64/libpthread.so.0[0x331c00f7e0]
[lonsdale-n002:21082] [ 1] /home/support/apps/cports/rhel-6.x86_64/gnu4.9.3/openmpi/1.8.6/lib/libopen-pal.so.6(opal_memory_ptmalloc2_int_malloc+0x1c8)[0x2ac9dba58f08]
[lonsdale-n002:21082] /home/support/apps/cports/rhel-6.x86_64/gnu4.9.3/openmpi/1.8.6/lib/libopen-pal.so.6(opal_memory_ptmalloc2_int_malloc+0x1c8)[0x2b7f52ff0f08]
[lonsdale-n003:07783] [ 2] /home/support/apps/cports/rhel-6.x86_64/gnu4.9.3/openmpi/1.8.6/lib/libopen-pal.so.6(opal_memory_ptmalloc2_malloc+0x99)[0x2b7f52ff1c49]
[lonsdale-n003:07783] [lonsdale-n002:21079] [ 0] /lib64/libpthread.so.0[0x331c00f7e0]
[lonsdale-n002:21079] [ 1] /home/support/apps/cports/rhel-6.x86_64/gnu4.9.3/openmpi/1.8.6/lib/libopen-pal.so.6(opal_memory_ptmalloc2_int_malloc+0x1c8)[0x2ac0989d3f08]
[lonsdale-n002:21079] [ 2] /home/support/apps/cports/rhel-6.x86_64/gnu4.9.3/openmpi/1.8.6/lib/libmpi.so.1(ompi_group_allocate+0x17)[0x2ba7851ff527]
[lonsdale-n003:07781] [ 4] /home/support/apps/cports/rhel-6.x86_64/gnu4.9.3/openmpi/1.8.6/lib/libmpi.so.1(ompi_group_incl_plist+0x22)[0x2ba7851fff82]
[lonsdale-n003:07781] [ 5] /home/support/apps/cports/rhel-6.x86_64/gnu4.9.3/openmpi/1.8.6/lib/libmpi.so.1(MPI_Group_incl+0x101)[0x2ba785225841]
[lonsdale-n003:07781] [ 6] par_refine[0x4013f6]
[lonsdale-n003:07781] [ 7] [ 2] /home/support/apps/cports/rhel-6.x86_64/gnu4.9.3/openmpi/1.8.6/lib/libopen-pal.so.6(opal_memory_ptmalloc2_malloc+0x99)[0x2ac9dba59c49]
[lonsdale-n002:21082] [ 3] /home/support/apps/cports/rhel-6.x86_64/gnu4.9.3/openmpi/1.8.6/lib/libmpi.so.1(ompi_group_allocate+0x17)[0x2ac9db490527]
[lonsdale-n002:21082] [ 4] /home/support/apps/cports/rhel-6.x86_64/gnu4.9.3/openmpi/1.8.6/lib/libmpi.so.1(ompi_group_incl_plist+0x22)[0x2ac9db490f82]
[lonsdale-n002:21082] [ 5] /home/support/apps/cports/rhel-6.x86_64/gnu4.9.3/openmpi/1.8.6/lib/libmpi.so.1(MPI_Group_incl+0x101)[0x2ac9db4b6841]
[lonsdale-n002:21082] [ 6] par_refine[0x4013f6]
[lonsdale-n002:21082] [ 7] [ 3] /home/support/apps/cports/rhel-6.x86_64/gnu4.9.3/openmpi/1.8.6/lib/libmpi.so.1(ompi_group_allocate+0x17)[0x2b7f52a28527]
[lonsdale-n003:07783] [ 4] /home/support/apps/cports/rhel-6.x86_64/gnu4.9.3/openmpi/1.8.6/lib/libopen-pal.so.6(opal_memory_ptmalloc2_malloc+0x99)[0x2ac0989d4c49]
[lonsdale-n002:21079] [ 3] /home/support/apps/cports/rhel-6.x86_64/gnu4.9.3/openmpi/1.8.6/lib/libmpi.so.1(ompi_group_allocate+0x17)[0x2ac09840b527]
[lonsdale-n002:21079] [ 4] /home/support/apps/cports/rhel-6.x86_64/gnu4.9.3/openmpi/1.8.6/lib/libmpi.so.1(ompi_group_incl_plist+0x22)[0x2ac09840bf82]
[lonsdale-n002:21079] [ 5] /home/support/apps/cports/rhel-6.x86_64/gnu4.9.3/openmpi/1.8.6/lib/libmpi.so.1(MPI_Group_incl+0x101)[0x2ac098431841]
[lonsdale-n002:21079] [ 6] par_refine[0x4013f6]
[lonsdale-n002:21079] [ 7] /lib64/libc.so.6(__libc_start_main+0xfd)[0x331b81ed5d]
[lonsdale-n002:21079] [ 8] par_refine[0x400fa9]
[lonsdale-n002:21079] *** End of error message ***
/lib64/libc.so.6(__libc_start_main+0xfd)[0x3c4901ed5d]
[lonsdale-n003:07781] [ 8] par_refine[0x400fa9]
[lonsdale-n003:07781] *** End of error message ***
/home/support/apps/cports/rhel-6.x86_64/gnu4.9.3/openmpi/1.8.6/lib/libmpi.so.1(ompi_group_incl_plist+0x22)[0x2b7f52a28f82]
[lonsdale-n003:07783] [ 5] /home/support/apps/cports/rhel-6.x86_64/gnu4.9.3/openmpi/1.8.6/lib/libmpi.so.1(MPI_Group_incl+0x101)[0x2b7f52a4e841]
[lonsdale-n003:07783] [ 6] par_refine[0x4013f6]
[lonsdale-n003:07783] [ 7] /lib64/libc.so.6(__libc_start_main+0xfd)[0x331b81ed5d]
[lonsdale-n002:21082] [ 8] par_refine[0x400fa9]
[lonsdale-n002:21082] *** End of error message ***
/lib64/libc.so.6(__libc_start_main+0xfd)[0x3c4901ed5d]
[lonsdale-n003:07783] [ 8] par_refine[0x400fa9]
[lonsdale-n003:07783] *** End of error message ***
[lonsdale-n002:21078] [ 0] /lib64/libpthread.so.0[0x331c00f7e0]
[lonsdale-n002:21078] [ 1] [lonsdale-n003:07785] [ 0] /lib64/libpthread.so.0[0x3c4980f7e0]
[lonsdale-n003:07785] [ 1] /home/support/apps/cports/rhel-6.x86_64/gnu4.9.3/openmpi/1.8.6/lib/libopen-pal.so.6(opal_memory_ptmalloc2_int_malloc+0x1c8)[0x2b6681ef7f08]
[lonsdale-n003:07785] [ 2] /home/support/apps/cports/rhel-6.x86_64/gnu4.9.3/openmpi/1.8.6/lib/libopen-pal.so.6(opal_memory_ptmalloc2_int_malloc+0x1c8)[0x2b82f3ba5f08]
[lonsdale-n002:21078] [ 2] /home/support/apps/cports/rhel-6.x86_64/gnu4.9.3/openmpi/1.8.6/lib/libopen-pal.so.6(opal_memory_ptmalloc2_malloc+0x99)[0x2b82f3ba6c49]
[lonsdale-n002:21078] [ 3] /home/support/apps/cports/rhel-6.x86_64/gnu4.9.3/openmpi/1.8.6/lib/libmpi.so.1(ompi_group_allocate+0x17)[0x2b82f35dd527]
[lonsdale-n002:21078] [ 4] /home/support/apps/cports/rhel-6.x86_64/gnu4.9.3/openmpi/1.8.6/lib/libopen-pal.so.6(opal_memory_ptmalloc2_malloc+0x99)[0x2b6681ef8c49]
[lonsdale-n003:07785] [ 3] /home/support/apps/cports/rhel-6.x86_64/gnu4.9.3/openmpi/1.8.6/lib/libmpi.so.1(ompi_group_allocate+0x17)[0x2b668192f527]
[lonsdale-n003:07785] [ 4] /home/support/apps/cports/rhel-6.x86_64/gnu4.9.3/openmpi/1.8.6/lib/libmpi.so.1(ompi_group_incl_plist+0x22)[0x2b82f35ddf82]
[lonsdale-n002:21078] [ 5] /home/support/apps/cports/rhel-6.x86_64/gnu4.9.3/openmpi/1.8.6/lib/libmpi.so.1(MPI_Group_incl+0x101)[0x2b82f3603841]
[lonsdale-n002:21078] [ 6] par_refine[0x4013f6]
[lonsdale-n002:21078] [ 7] /home/support/apps/cports/rhel-6.x86_64/gnu4.9.3/openmpi/1.8.6/lib/libmpi.so.1(ompi_group_incl_plist+0x22)[0x2b668192ff82]
[lonsdale-n003:07785] [ 5] /home/support/apps/cports/rhel-6.x86_64/gnu4.9.3/openmpi/1.8.6/lib/libmpi.so.1(MPI_Group_incl+0x101)[0x2b6681955841]
[lonsdale-n003:07785] [ 6] par_refine[0x4013f6]
[lonsdale-n003:07785] [ 7] /lib64/libc.so.6(__libc_start_main+0xfd)[0x331b81ed5d]
[lonsdale-n002:21078] [ 8] par_refine[0x400fa9]
[lonsdale-n002:21078] *** End of error message ***
/lib64/libc.so.6(__libc_start_main+0xfd)[0x3c4901ed5d]
[lonsdale-n003:07785] [ 8] par_refine[0x400fa9]
[lonsdale-n003:07785] *** End of error message ***
--------------------------------------------------------------------------
mpirun noticed that process rank 25 with PID 0 on node lonsdale-n004 exited on signal 11 (Segmentation fault).
--------------------------------------------------------------------------


###############################################################################
TCHPC Cluster: lonsdale
Job 233451 (diffusion) for User 'donaghek' in Account 'mschpc'
Finished at: Mon Aug 29 02:57:25 IST 2016

Job completion status:
======================

       JobID    JobName AllocCPUS NTasks NNodes     MaxRSS    MaxRSSNode  MaxDiskRead MaxDiskWrite    Elapsed      State ExitCode 
------------ ---------- --------- ------ ------ ---------- ------------- ------------ ------------ ---------- ---------- -------- 
233451        diffusion        32             4                                                      00:00:03     FAILED     11:0 
233451.batch      batch         8      1      1          0 lonsdale-n001        0.00M        0.00M   00:00:03     FAILED     11:0 
233451.0          orted         3      3      3          0 lonsdale-n004        0.00M        0.00M   00:00:02  COMPLETED      0:0 


Job details:
============

JobId=233451 JobName=diffusion
   UserId=donaghek(5753) GroupId=donaghek(9558)
   Priority=10154675 Nice=0 Account=mschpc QOS=normal
   JobState=COMPLETING Reason=NonZeroExitCode Dependency=(null)
   Requeue=1 Restarts=0 BatchFlag=1 Reboot=0 ExitCode=139:0
   DerivedExitCode=0:0
   RunTime=00:00:03 TimeLimit=00:30:00 TimeMin=N/A
   SubmitTime=2016-08-29T02:57:21 EligibleTime=2016-08-29T02:57:21
   StartTime=2016-08-29T02:57:21 EndTime=2016-08-29T02:57:24
   PreemptTime=None SuspendTime=None SecsPreSuspend=0
   Partition=debug AllocNode:Sid=lonsdale-n032:16763
   ReqNodeList=(null) ExcNodeList=(null)
   NodeList=
   BatchHost=lonsdale-n001
   NumNodes=4 NumCPUs=32 CPUs/Task=1 ReqB:S:C:T=0:0:*:*
   TRES=cpu=32,mem=60000,node=4
   Socks/Node=* NtasksPerN:B:S:C=0:0:*:* CoreSpec=*
     Nodes=lonsdale-n[001-004] CPU_IDs=0-7 Mem=15000
   MinCPUsNode=1 MinMemoryNode=15000M MinTmpDiskNode=0
   Features=(null) Gres=(null) Reservation=(null)
   Shared=0 Contiguous=0 Licenses=(null) Network=(null)
   Command=/home/users/mschpc/2015/donaghek/ParDiffRefine/ParallelRefine/slurm.sh
   WorkDir=/home/users/mschpc/2015/donaghek/ParDiffRefine/ParallelRefine
   StdErr=/home/users/mschpc/2015/donaghek/ParDiffRefine/ParallelRefine/slurm-233451.out
   StdIn=/dev/null
   StdOut=/home/users/mschpc/2015/donaghek/ParDiffRefine/ParallelRefine/slurm-233451.out
   Power= SICP=0


Disk quota details:
===================

Quota Type           Name  Filesystem     Usage in MB     Limit in MB    % Used
-------------------------------------------------------------------------------
USER             donaghek       /home              28          51,200     0.06%

GROUP              mschpc   /projects          23,731          51,200    46.35%


SLURM Bank Statement:
=====================

User           Usage |        Account     Usage | Account Limit Available (CPU hrs)
---------- --------- + -------------- --------- + ------------- ---------
aocurran          76 |         MSCHPC     4,984 |       400,000   395,016
dalyso             0 |         MSCHPC     4,984 |       400,000   395,016
donaghek         381 |         MSCHPC     4,984 |       400,000   395,016
donnelj1           0 |         MSCHPC     4,984 |       400,000   395,016
hannigs            0 |         MSCHPC     4,984 |       400,000   395,016
holtonmi           0 |         MSCHPC     4,984 |       400,000   395,016
howardrj           0 |         MSCHPC     4,984 |       400,000   395,016
jabehan            0 |         MSCHPC     4,984 |       400,000   395,016
jbulava            0 |         MSCHPC     4,984 |       400,000   395,016
jfagan         1,256 |         MSCHPC     4,984 |       400,000   395,016
jose               0 |         MSCHPC     4,984 |       400,000   395,016
kcleary            0 |         MSCHPC     4,984 |       400,000   395,016
liul1              0 |         MSCHPC     4,984 |       400,000   395,016
lomalle            0 |         MSCHPC     4,984 |       400,000   395,016
makirby            0 |         MSCHPC     4,984 |       400,000   395,016
manninmi           0 |         MSCHPC     4,984 |       400,000   395,016
mooneykn          23 |         MSCHPC     4,984 |       400,000   395,016
morahanl           0 |         MSCHPC     4,984 |       400,000   395,016
opwonyal           0 |         MSCHPC     4,984 |       400,000   395,016
osullm40           0 |         MSCHPC     4,984 |       400,000   395,016
phalpin            0 |         MSCHPC     4,984 |       400,000   395,016
pharnett           0 |         MSCHPC     4,984 |       400,000   395,016
pommee             0 |         MSCHPC     4,984 |       400,000   395,016
poneill9           0 |         MSCHPC     4,984 |       400,000   395,016
purdyd             0 |         MSCHPC     4,984 |       400,000   395,016
rooneydt           0 |         MSCHPC     4,984 |       400,000   395,016
sharding           0 |         MSCHPC     4,984 |       400,000   395,016
sikelleh           0 |         MSCHPC     4,984 |       400,000   395,016
simpsoao           0 |         MSCHPC     4,984 |       400,000   395,016
smurray4           0 |         MSCHPC     4,984 |       400,000   395,016
spellacl          81 |         MSCHPC     4,984 |       400,000   395,016
tiernemi           0 |         MSCHPC     4,984 |       400,000   395,016
walsheki           0 |         MSCHPC     4,984 |       400,000   395,016
xihu           3,167 |         MSCHPC     4,984 |       400,000   395,016
zhuang             0 |         MSCHPC     4,984 |       400,000   395,016


Acknowledgements:
=================

Note that usage of TCHPC Resources *must* be acknowledged in all publications.

Please see this page for details relevant to this cluster:

http://www.tchpc.tcd.ie/resources/acknowledgementpolicy

################################################################################
