3.675902246867023


###############################################################################
TCHPC Cluster: lonsdale
Job 233460 (diffusion) for User 'donaghek' in Account 'mschpc'
Finished at: Mon Aug 29 03:23:02 IST 2016

Job completion status:
======================

       JobID    JobName AllocCPUS NTasks NNodes     MaxRSS    MaxRSSNode  MaxDiskRead MaxDiskWrite    Elapsed      State ExitCode 
------------ ---------- --------- ------ ------ ---------- ------------- ------------ ------------ ---------- ---------- -------- 
233460       allocation         0             0                                                      00:00:00  COMPLETED      0:0 
233460.batch      batch         8      1      1          0 lonsdale-n001        0.00M        0.00M   00:00:03  COMPLETED      0:0 
233460.0          orted         3      3      3          0 lonsdale-n004        0.00M        0.00M   00:00:02  COMPLETED      0:0 


Job details:
============

JobId=233460 JobName=diffusion
   UserId=donaghek(5753) GroupId=donaghek(9558)
   Priority=10154553 Nice=0 Account=mschpc QOS=normal
   JobState=COMPLETING Reason=None Dependency=(null)
   Requeue=1 Restarts=0 BatchFlag=1 Reboot=0 ExitCode=0:0
   DerivedExitCode=0:0
   RunTime=00:00:03 TimeLimit=00:30:00 TimeMin=N/A
   SubmitTime=2016-08-29T03:22:59 EligibleTime=2016-08-29T03:22:59
   StartTime=2016-08-29T03:22:59 EndTime=2016-08-29T03:23:02
   PreemptTime=None SuspendTime=None SecsPreSuspend=0
   Partition=debug AllocNode:Sid=lonsdale-n032:16763
   ReqNodeList=(null) ExcNodeList=(null)
   NodeList=
   BatchHost=lonsdale-n001
   NumNodes=4 NumCPUs=32 CPUs/Task=1 ReqB:S:C:T=0:0:*:*
   TRES=cpu=32,mem=60000,node=4
   Socks/Node=* NtasksPerN:B:S:C=0:0:*:* CoreSpec=*
     Nodes=lonsdale-n[001-004] CPU_IDs=0-7 Mem=15000
   MinCPUsNode=1 MinMemoryNode=15000M MinTmpDiskNode=0
   Features=(null) Gres=(null) Reservation=(null)
   Shared=0 Contiguous=0 Licenses=(null) Network=(null)
   Command=/home/users/mschpc/2015/donaghek/ParDiffRefine/ParallelRefine/slurm.sh
   WorkDir=/home/users/mschpc/2015/donaghek/ParDiffRefine/ParallelRefine
   StdErr=/home/users/mschpc/2015/donaghek/ParDiffRefine/ParallelRefine/slurm-233460.out
   StdIn=/dev/null
   StdOut=/home/users/mschpc/2015/donaghek/ParDiffRefine/ParallelRefine/slurm-233460.out
   Power= SICP=0


Disk quota details:
===================

Quota Type           Name  Filesystem     Usage in MB     Limit in MB    % Used
-------------------------------------------------------------------------------
USER             donaghek       /home              29          51,200     0.06%

GROUP              mschpc   /projects          23,731          51,200    46.35%


SLURM Bank Statement:
=====================

User           Usage |        Account     Usage | Account Limit Available (CPU hrs)
---------- --------- + -------------- --------- + ------------- ---------
aocurran          76 |         MSCHPC     5,033 |       400,000   394,967
dalyso             0 |         MSCHPC     5,033 |       400,000   394,967
donaghek         392 |         MSCHPC     5,033 |       400,000   394,967
donnelj1           0 |         MSCHPC     5,033 |       400,000   394,967
hannigs            0 |         MSCHPC     5,033 |       400,000   394,967
holtonmi           0 |         MSCHPC     5,033 |       400,000   394,967
howardrj           0 |         MSCHPC     5,033 |       400,000   394,967
jabehan            0 |         MSCHPC     5,033 |       400,000   394,967
jbulava            0 |         MSCHPC     5,033 |       400,000   394,967
jfagan         1,297 |         MSCHPC     5,033 |       400,000   394,967
jose               0 |         MSCHPC     5,033 |       400,000   394,967
kcleary            0 |         MSCHPC     5,033 |       400,000   394,967
liul1              0 |         MSCHPC     5,033 |       400,000   394,967
lomalle            0 |         MSCHPC     5,033 |       400,000   394,967
makirby            0 |         MSCHPC     5,033 |       400,000   394,967
manninmi           0 |         MSCHPC     5,033 |       400,000   394,967
mooneykn          23 |         MSCHPC     5,033 |       400,000   394,967
morahanl           0 |         MSCHPC     5,033 |       400,000   394,967
opwonyal           0 |         MSCHPC     5,033 |       400,000   394,967
osullm40           0 |         MSCHPC     5,033 |       400,000   394,967
phalpin            0 |         MSCHPC     5,033 |       400,000   394,967
pharnett           0 |         MSCHPC     5,033 |       400,000   394,967
pommee             0 |         MSCHPC     5,033 |       400,000   394,967
poneill9           0 |         MSCHPC     5,033 |       400,000   394,967
purdyd             0 |         MSCHPC     5,033 |       400,000   394,967
rooneydt           0 |         MSCHPC     5,033 |       400,000   394,967
sharding           0 |         MSCHPC     5,033 |       400,000   394,967
sikelleh           0 |         MSCHPC     5,033 |       400,000   394,967
simpsoao           0 |         MSCHPC     5,033 |       400,000   394,967
smurray4           0 |         MSCHPC     5,033 |       400,000   394,967
spellacl          81 |         MSCHPC     5,033 |       400,000   394,967
tiernemi           0 |         MSCHPC     5,033 |       400,000   394,967
walsheki           0 |         MSCHPC     5,033 |       400,000   394,967
xihu           3,164 |         MSCHPC     5,033 |       400,000   394,967
zhuang             0 |         MSCHPC     5,033 |       400,000   394,967


Acknowledgements:
=================

Note that usage of TCHPC Resources *must* be acknowledged in all publications.

Please see this page for details relevant to this cluster:

http://www.tchpc.tcd.ie/resources/acknowledgementpolicy

################################################################################
