Coarse:
0
1
3
Refine:
2
4
5
6
[lonsdale-n001:24126] *** An error occurred in MPI_Cart_create
[lonsdale-n001:24126] *** reported by process [4223270913,5]
[lonsdale-n001:24126] *** on communicator MPI_COMM_WORLD
[lonsdale-n001:24126] *** MPI_ERR_COMM: invalid communicator
[lonsdale-n001:24126] *** MPI_ERRORS_ARE_FATAL (processes in this communicator will now abort,
[lonsdale-n001:24126] ***    and potentially your MPI job)
[lonsdale-n001.cluster:24119] 4 more processes have sent help message help-mpi-errors.txt / mpi_errors_are_fatal
[lonsdale-n001.cluster:24119] Set MCA parameter "orte_base_help_aggregate" to 0 to see all help / error messages


###############################################################################
TCHPC Cluster: lonsdale
Job 233363 (diffusion) for User 'donaghek' in Account 'mschpc'
Finished at: Sat Aug 27 11:47:58 IST 2016

Job completion status:
======================

       JobID    JobName AllocCPUS NTasks NNodes     MaxRSS    MaxRSSNode  MaxDiskRead MaxDiskWrite    Elapsed      State ExitCode 
------------ ---------- --------- ------ ------ ---------- ------------- ------------ ------------ ---------- ---------- -------- 
233363        diffusion         8             1                                                      00:00:02     FAILED      5:0 
233363.batch      batch         8      1      1          0 lonsdale-n001        0.00M        0.00M   00:00:02     FAILED      5:0 


Job details:
============

JobId=233363 JobName=diffusion
   UserId=donaghek(5753) GroupId=donaghek(9558)
   Priority=10065078 Nice=0 Account=mschpc QOS=normal
   JobState=COMPLETING Reason=NonZeroExitCode Dependency=(null)
   Requeue=1 Restarts=0 BatchFlag=1 Reboot=0 ExitCode=5:0
   DerivedExitCode=0:0
   RunTime=00:00:02 TimeLimit=00:30:00 TimeMin=N/A
   SubmitTime=2016-08-27T11:47:54 EligibleTime=2016-08-27T11:47:54
   StartTime=2016-08-27T11:47:55 EndTime=2016-08-27T11:47:57
   PreemptTime=None SuspendTime=None SecsPreSuspend=0
   Partition=debug AllocNode:Sid=lonsdale01:19029
   ReqNodeList=(null) ExcNodeList=(null)
   NodeList=lonsdale-n001
   BatchHost=lonsdale-n001
   NumNodes=1 NumCPUs=8 CPUs/Task=1 ReqB:S:C:T=0:0:*:*
   TRES=cpu=8,mem=15000,node=1
   Socks/Node=* NtasksPerN:B:S:C=0:0:*:* CoreSpec=*
     Nodes=lonsdale-n001 CPU_IDs=0-7 Mem=15000
   MinCPUsNode=1 MinMemoryNode=15000M MinTmpDiskNode=0
   Features=(null) Gres=(null) Reservation=(null)
   Shared=0 Contiguous=0 Licenses=(null) Network=(null)
   Command=/home/users/mschpc/2015/donaghek/ParDiffRefine/ParallelRefine/slurm.sh
   WorkDir=/home/users/mschpc/2015/donaghek/ParDiffRefine/ParallelRefine
   StdErr=/home/users/mschpc/2015/donaghek/ParDiffRefine/ParallelRefine/slurm-233363.out
   StdIn=/dev/null
   StdOut=/home/users/mschpc/2015/donaghek/ParDiffRefine/ParallelRefine/slurm-233363.out
   Power= SICP=0


Disk quota details:
===================

Quota Type           Name  Filesystem     Usage in MB     Limit in MB    % Used
-------------------------------------------------------------------------------
USER             donaghek       /home              26          51,200     0.05%

GROUP              mschpc   /projects          23,731          51,200    46.35%


SLURM Bank Statement:
=====================

User           Usage |        Account     Usage | Account Limit Available (CPU hrs)
---------- --------- + -------------- --------- + ------------- ---------
aocurran           0 |         MSCHPC     3,793 |       400,000   396,207
dalyso             0 |         MSCHPC     3,793 |       400,000   396,207
donaghek         226 |         MSCHPC     3,793 |       400,000   396,207
donnelj1           0 |         MSCHPC     3,793 |       400,000   396,207
hannigs            0 |         MSCHPC     3,793 |       400,000   396,207
holtonmi           0 |         MSCHPC     3,793 |       400,000   396,207
howardrj           0 |         MSCHPC     3,793 |       400,000   396,207
jabehan            0 |         MSCHPC     3,793 |       400,000   396,207
jbulava            0 |         MSCHPC     3,793 |       400,000   396,207
jfagan            20 |         MSCHPC     3,793 |       400,000   396,207
jose               0 |         MSCHPC     3,793 |       400,000   396,207
kcleary            0 |         MSCHPC     3,793 |       400,000   396,207
liul1              0 |         MSCHPC     3,793 |       400,000   396,207
lomalle            0 |         MSCHPC     3,793 |       400,000   396,207
makirby            0 |         MSCHPC     3,793 |       400,000   396,207
manninmi           0 |         MSCHPC     3,793 |       400,000   396,207
mooneykn          25 |         MSCHPC     3,793 |       400,000   396,207
morahanl           0 |         MSCHPC     3,793 |       400,000   396,207
opwonyal           0 |         MSCHPC     3,793 |       400,000   396,207
osullm40           0 |         MSCHPC     3,793 |       400,000   396,207
phalpin            0 |         MSCHPC     3,793 |       400,000   396,207
pharnett           0 |         MSCHPC     3,793 |       400,000   396,207
pommee             0 |         MSCHPC     3,793 |       400,000   396,207
poneill9           0 |         MSCHPC     3,793 |       400,000   396,207
purdyd             0 |         MSCHPC     3,793 |       400,000   396,207
rooneydt           0 |         MSCHPC     3,793 |       400,000   396,207
sharding           0 |         MSCHPC     3,793 |       400,000   396,207
sikelleh           0 |         MSCHPC     3,793 |       400,000   396,207
simpsoao           0 |         MSCHPC     3,793 |       400,000   396,207
smurray4           0 |         MSCHPC     3,793 |       400,000   396,207
spellacl          88 |         MSCHPC     3,793 |       400,000   396,207
tiernemi           0 |         MSCHPC     3,793 |       400,000   396,207
walsheki           0 |         MSCHPC     3,793 |       400,000   396,207
xihu           3,433 |         MSCHPC     3,793 |       400,000   396,207
zhuang             0 |         MSCHPC     3,793 |       400,000   396,207


Acknowledgements:
=================

Note that usage of TCHPC Resources *must* be acknowledged in all publications.

Please see this page for details relevant to this cluster:

http://www.tchpc.tcd.ie/resources/acknowledgementpolicy

################################################################################
