right to refine
top to refine
refine to right
0.000000000000000
inject refine
interface top refine
interface right refine
interface corner refine


###############################################################################
TCHPC Cluster: lonsdale
Job 233457 (diffusion) for User 'donaghek' in Account 'mschpc'
Finished at: Mon Aug 29 03:13:30 IST 2016

Job completion status:
======================

       JobID    JobName AllocCPUS NTasks NNodes     MaxRSS    MaxRSSNode  MaxDiskRead MaxDiskWrite    Elapsed      State ExitCode 
------------ ---------- --------- ------ ------ ---------- ------------- ------------ ------------ ---------- ---------- -------- 
233457        diffusion        32             4                                                      00:00:02  COMPLETED      0:0 
233457.batch      batch         8      1      1          0 lonsdale-n001        0.00M        0.00M   00:00:02  COMPLETED      0:0 
233457.0          orted         3      3      3          0 lonsdale-n003        0.00M        0.00M   00:00:02  COMPLETED      0:0 


Job details:
============

JobId=233457 JobName=diffusion
   UserId=donaghek(5753) GroupId=donaghek(9558)
   Priority=10154578 Nice=0 Account=mschpc QOS=normal
   JobState=COMPLETING Reason=None Dependency=(null)
   Requeue=1 Restarts=0 BatchFlag=1 Reboot=0 ExitCode=0:0
   DerivedExitCode=0:0
   RunTime=00:00:02 TimeLimit=00:30:00 TimeMin=N/A
   SubmitTime=2016-08-29T03:13:26 EligibleTime=2016-08-29T03:13:27
   StartTime=2016-08-29T03:13:28 EndTime=2016-08-29T03:13:30
   PreemptTime=None SuspendTime=None SecsPreSuspend=0
   Partition=debug AllocNode:Sid=lonsdale-n032:16763
   ReqNodeList=(null) ExcNodeList=(null)
   NodeList=
   BatchHost=lonsdale-n001
   NumNodes=4 NumCPUs=32 CPUs/Task=1 ReqB:S:C:T=0:0:*:*
   TRES=cpu=32,mem=60000,node=4
   Socks/Node=* NtasksPerN:B:S:C=0:0:*:* CoreSpec=*
     Nodes=lonsdale-n[001-004] CPU_IDs=0-7 Mem=15000
   MinCPUsNode=1 MinMemoryNode=15000M MinTmpDiskNode=0
   Features=(null) Gres=(null) Reservation=(null)
   Shared=0 Contiguous=0 Licenses=(null) Network=(null)
   Command=/home/users/mschpc/2015/donaghek/ParDiffRefine/ParallelRefine/slurm.sh
   WorkDir=/home/users/mschpc/2015/donaghek/ParDiffRefine/ParallelRefine
   StdErr=/home/users/mschpc/2015/donaghek/ParDiffRefine/ParallelRefine/slurm-233457.out
   StdIn=/dev/null
   StdOut=/home/users/mschpc/2015/donaghek/ParDiffRefine/ParallelRefine/slurm-233457.out
   Power= SICP=0


Disk quota details:
===================

Quota Type           Name  Filesystem     Usage in MB     Limit in MB    % Used
-------------------------------------------------------------------------------
USER             donaghek       /home              29          51,200     0.06%

GROUP              mschpc   /projects          23,731          51,200    46.35%


SLURM Bank Statement:
=====================

User           Usage |        Account     Usage | Account Limit Available (CPU hrs)
---------- --------- + -------------- --------- + ------------- ---------
aocurran          76 |         MSCHPC     5,016 |       400,000   394,984
dalyso             0 |         MSCHPC     5,016 |       400,000   394,984
donaghek         390 |         MSCHPC     5,016 |       400,000   394,984
donnelj1           0 |         MSCHPC     5,016 |       400,000   394,984
hannigs            0 |         MSCHPC     5,016 |       400,000   394,984
holtonmi           0 |         MSCHPC     5,016 |       400,000   394,984
howardrj           0 |         MSCHPC     5,016 |       400,000   394,984
jabehan            0 |         MSCHPC     5,016 |       400,000   394,984
jbulava            0 |         MSCHPC     5,016 |       400,000   394,984
jfagan         1,281 |         MSCHPC     5,016 |       400,000   394,984
jose               0 |         MSCHPC     5,016 |       400,000   394,984
kcleary            0 |         MSCHPC     5,016 |       400,000   394,984
liul1              0 |         MSCHPC     5,016 |       400,000   394,984
lomalle            0 |         MSCHPC     5,016 |       400,000   394,984
makirby            0 |         MSCHPC     5,016 |       400,000   394,984
manninmi           0 |         MSCHPC     5,016 |       400,000   394,984
mooneykn          23 |         MSCHPC     5,016 |       400,000   394,984
morahanl           0 |         MSCHPC     5,016 |       400,000   394,984
opwonyal           0 |         MSCHPC     5,016 |       400,000   394,984
osullm40           0 |         MSCHPC     5,016 |       400,000   394,984
phalpin            0 |         MSCHPC     5,016 |       400,000   394,984
pharnett           0 |         MSCHPC     5,016 |       400,000   394,984
pommee             0 |         MSCHPC     5,016 |       400,000   394,984
poneill9           0 |         MSCHPC     5,016 |       400,000   394,984
purdyd             0 |         MSCHPC     5,016 |       400,000   394,984
rooneydt           0 |         MSCHPC     5,016 |       400,000   394,984
sharding           0 |         MSCHPC     5,016 |       400,000   394,984
sikelleh           0 |         MSCHPC     5,016 |       400,000   394,984
simpsoao           0 |         MSCHPC     5,016 |       400,000   394,984
smurray4           0 |         MSCHPC     5,016 |       400,000   394,984
spellacl          81 |         MSCHPC     5,016 |       400,000   394,984
tiernemi           0 |         MSCHPC     5,016 |       400,000   394,984
walsheki           0 |         MSCHPC     5,016 |       400,000   394,984
xihu           3,165 |         MSCHPC     5,016 |       400,000   394,984
zhuang             0 |         MSCHPC     5,016 |       400,000   394,984


Acknowledgements:
=================

Note that usage of TCHPC Resources *must* be acknowledged in all publications.

Please see this page for details relevant to this cluster:

http://www.tchpc.tcd.ie/resources/acknowledgementpolicy

################################################################################
