
matrixupdate 0.000000 matrix 0.000000, up: 0.000000, left 0.000000, right 0.000000, downright 0.000000, down 0.000000, downleft 0.000000

matrixupdate 0.000261 matrix 0.000000, up: 0.000000, left 0.072200, right 0.000000, downright 0.000000, down 0.000000, downleft 0.000000

matrixupdate 0.000781 matrix 0.000261, up: 0.001043, left 0.143892, right 0.000000, downright 0.000261, down 0.000000, downleft 0.000000

matrixupdate 0.001560 matrix 0.000781, up: 0.003087, left 0.215076, right 0.000001, downright 0.000785, down 0.000004, downleft 0.000001

Rank 5:
0.000000000000000 0.003087244542340 0.000000000000000 0.000007527340960 0.000000000000000 0.000000000000000 0.000000000000000 
0.036100000000000 0.000781084126340 0.000391012521980 0.000000940917620 0.000000470458810 0.000000000000000 0.000000000000000 
0.000784799578050 0.000003763670480 0.000000940917620 0.000000000000000 0.000000000000000 0.000000000000000 0.000000000000000 
0.000009409176200 0.000000000000000 0.000000000000000 0.000000000000000 0.000000000000000 0.000000000000000 0.000000000000000 
0.000003763670480 0.000000000000000 0.000000000000000 0.000000000000000 0.000000000000000 0.000000000000000 0.000000000000000 
0.000007527340960 0.000000000000000 0.000000000000000 0.000000000000000 0.000000000000000 0.000000000000000 0.000000000000000 
0.000003763670480 0.000000000000000 0.000000000000000 0.000000000000000 0.000000000000000 0.000000000000000 0.000000000000000 
0.000007527340960 0.000000000000000 0.000000000000000 0.000000000000000 0.000000000000000 0.000000000000000 0.000000000000000 
0.000003763670480 0.000000000000000 0.000000000000000 0.000000000000000 0.000000000000000 0.000000000000000 0.000000000000000 
0.000007527340960 0.000000000000000 0.000000000000000 0.000000000000000 0.000000000000000 0.000000000000000 0.000000000000000 
0.000003763670480 0.000000000000000 0.000000000000000 0.000000000000000 0.000000000000000 0.000000000000000 0.000000000000000 
0.000000000000000 0.000000000000000 0.000000000000000 0.000000000000000 0.000000000000000 0.000000000000000 0.000000000000000 

Rank 0:
0.000000000000000 0.000000000000000 0.000000000000000 0.000000000000000 0.000000000000000 0.000000000000000 0.000000000000000 
0.000000000000000 50.000000000000000 50.000000000000000 50.000000000000000 50.000000000000000 50.000000000000000 50.000000000000000 
0.000000000000000 20.000000000000000 1.483648910626960 1.070519293363840 1.067463099102960 1.067455571762000 1.067455571762000 
0.000000000000000 20.000000000000000 0.434681051249440 0.010841581226560 0.007751513931360 0.007743986590400 0.007743986590400 
0.000000000000000 20.000000000000000 0.427001047057200 0.003116412988560 0.000026345693360 0.000018818352400 0.000018818352400 
0.000000000000000 20.000000000000000 0.426982228704800 0.003097594636160 0.000007527340960 0.000000000000000 0.000000000000000 
0.000000000000000 20.000000000000000 0.426982228704800 0.003097594636160 0.000007527340960 0.000000000000000 0.000000000000000 
0.000000000000000 20.000000000000000 0.426982228704800 0.003097594636160 0.000007527340960 0.000000000000000 0.000000000000000 
0.000000000000000 20.000000000000000 0.426982228704800 0.003097594636160 0.000007527340960 0.000000000000000 0.000000000000000 
0.000000000000000 20.000000000000000 0.426978465034320 0.003097594636160 0.000007527340960 0.000000000000000 0.000000000000000 
0.000000000000000 20.000000000000000 0.425444821442120 0.003087244542340 0.000007527340960 0.000000000000000 0.000000000000000 
0.000000000000000 20.000000000000000 0.215075871075420 0.000391012521980 0.000000470458810 0.000000000000000 0.000000000000000 

Rank 1:
0.000000000000000 0.000000000000000 0.000000000000000 0.000000000000000 0.000000000000000 0.000000000000000 0.000000000000000 
50.000000000000000 50.000000000000000 50.000000000000000 50.000000000000000 50.000000000000000 50.000000000000000 50.000000000000000 
1.067455571762000 1.067455571762000 1.067455571762000 1.067455571762000 1.067455571762000 1.067455571762000 1.067455571762000 
0.007743986590400 0.007743986590400 0.007743986590400 0.007743986590400 0.007743986590400 0.007743986590400 0.007743986590400 
0.000018818352400 0.000018818352400 0.000018818352400 0.000018818352400 0.000018818352400 0.000018818352400 0.000018818352400 
0.000000000000000 0.000000000000000 0.000000000000000 0.000000000000000 0.000000000000000 0.000000000000000 0.000000000000000 
0.000000000000000 0.000000000000000 0.000000000000000 0.000000000000000 0.000000000000000 0.000000000000000 0.000000000000000 
0.000000000000000 0.000000000000000 0.000000000000000 0.000000000000000 0.000000000000000 0.000000000000000 0.000000000000000 
0.000000000000000 0.000000000000000 0.000000000000000 0.000000000000000 0.000000000000000 0.000000000000000 0.000000000000000 
0.000000000000000 0.000000000000000 0.000000000000000 0.000000000000000 0.000000000000000 0.000000000000000 0.000000000000000 
0.000000000000000 0.000000000000000 0.000000000000000 0.000000000000000 0.000000000000000 0.000000000000000 0.000000000000000 
0.000000000000000 0.000000000000000 0.000000000000000 0.000000000000000 0.000000000000000 0.000000000000000 0.000000000000000 

Rank 2:
0.000000000000000 0.000000000000000 0.000000000000000 0.000000000000000 0.000000000000000 0.000000000000000 0.000000000000000 
50.000000000000000 50.000000000000000 50.000000000000000 50.000000000000000 50.000000000000000 50.000000000000000 50.000000000000000 
1.067455571762000 1.067455571762000 1.067455571762000 1.067455571762000 1.067455571762000 1.067455571762000 1.067455571762000 
0.007743986590400 0.007743986590400 0.007743986590400 0.007743986590400 0.007743986590400 0.007743986590400 0.007743986590400 
0.000018818352400 0.000018818352400 0.000018818352400 0.000018818352400 0.000018818352400 0.000018818352400 0.000018818352400 
0.000000000000000 0.000000000000000 0.000000000000000 0.000000000000000 0.000000000000000 0.000000000000000 0.000000000000000 
0.000000000000000 0.000000000000000 0.000000000000000 0.000000000000000 0.000000000000000 0.000000000000000 0.000000000000000 
0.000000000000000 0.000000000000000 0.000000000000000 0.000000000000000 0.000000000000000 0.000000000000000 0.000000000000000 
0.000000000000000 0.000000000000000 0.000000000000000 0.000000000000000 0.000000000000000 0.000000000000000 0.000000000000000 
0.000000000000000 0.000000000000000 0.000000000000000 0.000000000000000 0.000000000000000 0.000000000000000 0.000000000000000 
0.000000000000000 0.000000000000000 0.000000000000000 0.000000000000000 0.000000000000000 0.000000000000000 0.000000000000000 
0.000000000000000 0.000000000000000 0.000000000000000 0.000000000000000 0.000000000000000 0.000000000000000 0.000000000000000 

Rank 3:
0.000000000000000 0.000000000000000 0.000000000000000 0.000000000000000 0.000000000000000 0.000000000000000 0.000000000000000 
50.000000000000000 50.000000000000000 50.000000000000000 50.000000000000000 50.000000000000000 50.000000000000000 0.000000000000000 
1.067455571762000 1.067455571762000 1.067466862773440 1.072060563340960 1.695598755002240 30.000000000000000 0.000000000000000 
0.007743986590400 0.007743986590400 0.007755277601840 0.012390378544640 0.648168401931360 30.000000000000000 0.000000000000000 
0.000018818352400 0.000018818352400 0.000030109363840 0.004665210306640 0.640492161409600 30.000000000000000 0.000000000000000 
0.000000000000000 0.000000000000000 0.000011291011440 0.004646391954240 0.640473343057200 30.000000000000000 0.000000000000000 
0.000000000000000 0.000000000000000 0.000011291011440 0.004646391954240 0.640473343057200 30.000000000000000 0.000000000000000 
0.000000000000000 0.000000000000000 0.000011291011440 0.004646391954240 0.640473343057200 30.000000000000000 0.000000000000000 
0.000000000000000 0.000000000000000 0.000011291011440 0.004646391954240 0.640473343057200 30.000000000000000 0.000000000000000 
0.000000000000000 0.000000000000000 0.000011291011440 0.004646391954240 0.640473343057200 30.000000000000000 0.000000000000000 
0.000000000000000 0.000000000000000 0.000011291011440 0.004646391954240 0.640473343057200 30.000000000000000 0.000000000000000 
0.000000000000000 0.000000000000000 0.000011291011440 0.004646391954240 0.640473343057200 30.000000000000000 0.000000000000000 

Rank 4:
0.000000000000000 0.000000000000000 20.000000000000000 0.000000000000000 0.425444821442120 0.000000000000000 0.000000000000000 
0.000000000000000 10.000000000000000 20.000000000000000 10.107537935537710 0.215075871075420 0.107928477600880 0.000781084126340 
0.000000000000000 0.000000000000000 10.000000000000000 0.424674391126120 0.004631449348380 0.000784799578050 0.000003763670480 
0.000000000000000 0.000000000000000 20.000000000000000 0.425444980502330 0.003093841391360 0.000009409176200 0.000000000000000 
0.000000000000000 0.000000000000000 10.000000000000000 0.216563446297005 0.001563857212840 0.000003763670480 0.000000000000000 
0.000000000000000 0.000000000000000 20.000000000000000 0.423916878159050 0.003082550379920 0.000007527340960 0.000000000000000 
0.000000000000000 0.000000000000000 10.000000000000000 0.216559682626525 0.001563857212840 0.000003763670480 0.000000000000000 
0.000000000000000 0.000000000000000 20.000000000000000 0.423916878159050 0.003082550379920 0.000007527340960 0.000000000000000 
0.000000000000000 0.000000000000000 10.000000000000000 0.216559682626525 0.001563857212840 0.000003763670480 0.000000000000000 
0.000000000000000 0.000000000000000 20.000000000000000 0.423916878159050 0.003082550379920 0.000007527340960 0.000000000000000 
0.000000000000000 0.000000000000000 10.000000000000000 0.216559682626525 0.001563857212840 0.000003763670480 0.000000000000000 
0.000000000000000 0.000000000000000 20.000000000000000 0.423916878159050 0.003082550379920 0.000007527340960 0.000000000000000 

Rank 6:
0.000000000000000 0.000000000000000 0.000000000000000 0.000000000000000 0.000000000000000 0.000000000000000 0.000000000000000 
0.000000000000000 0.000000000000000 0.000000000000000 0.000000000000000 0.000000000000000 0.000000000000000 0.000000000000000 
0.000000000000000 0.000000000000000 0.000000000000000 0.000000000000000 0.000000000000000 0.000000000000000 0.000000000000000 
0.000000000000000 0.000000000000000 0.000000000000000 0.000000000000000 0.000000000000000 0.000000000000000 0.000000000000000 
0.000000000000000 0.000000000000000 0.000000000000000 0.000000000000000 0.000000000000000 0.000000000000000 0.000000000000000 
0.000000000000000 0.000000000000000 0.000000000000000 0.000000000000000 0.000000000000000 0.000000000000000 0.000000000000000 
0.000000000000000 0.000000000000000 0.000000000000000 0.000000000000000 0.000000000000000 0.000000000000000 0.000000000000000 
0.000001881835240 0.000015054681920 0.000015054681920 0.000015054681920 0.000015054681920 0.000015054681920 0.000015054681920 
0.001562168252680 0.006176370919920 0.006195189272320 0.006195189272320 0.006195189272320 0.006195189272320 0.006195189272320 
0.430151742150840 0.850889642884240 0.853956930068640 0.853964457409600 0.853964457409600 0.853964457409600 0.853964457409600 
40.000000000000000 40.000000000000000 40.000000000000000 40.000000000000000 40.000000000000000 40.000000000000000 40.000000000000000 
0.000000000000000 0.000000000000000 0.000000000000000 0.000000000000000 0.000000000000000 0.000000000000000 0.000000000000000 

Rank 7:
0.000000000000000 0.000000000000000 0.000011291011440 0.004646391954240 0.640473343057200 30.000000000000000 0.000000000000000 
0.000000000000000 0.000000000000000 0.000011291011440 0.004646391954240 0.640473343057200 30.000000000000000 0.000000000000000 
0.000000000000000 0.000000000000000 0.000011291011440 0.004646391954240 0.640473343057200 30.000000000000000 0.000000000000000 
0.000000000000000 0.000000000000000 0.000011291011440 0.004646391954240 0.640473343057200 30.000000000000000 0.000000000000000 
0.000000000000000 0.000000000000000 0.000011291011440 0.004646391954240 0.640473343057200 30.000000000000000 0.000000000000000 
0.000000000000000 0.000000000000000 0.000011291011440 0.004646391954240 0.640473343057200 30.000000000000000 0.000000000000000 
0.000000000000000 0.000000000000000 0.000011291011440 0.004646391954240 0.640473343057200 30.000000000000000 0.000000000000000 
0.000015054681920 0.000015054681920 0.000026345693360 0.004661446636160 0.640488397739120 30.000000000000000 0.000000000000000 
0.006195189272320 0.006195189272320 0.006206480283760 0.010841581226560 0.646627131954240 30.000000000000000 0.000000000000000 
0.853964457409600 0.853964457409600 0.853975748421040 0.858573212659040 1.483648910626960 30.000000000000000 0.000000000000000 
40.000000000000000 40.000000000000000 40.000000000000000 40.000000000000000 40.000000000000000 40.000000000000000 0.000000000000000 
0.000000000000000 0.000000000000000 0.000000000000000 0.000000000000000 0.000000000000000 0.000000000000000 0.000000000000000 

Rank 8:
0.000000000000000 0.000000000000000 0.000000000000000 0.000000000000000 0.000000000000000 0.000000000000000 0.000000000000000 
0.000000000000000 0.000000000000000 0.000000000000000 0.000000000000000 0.000000000000000 0.000000000000000 0.000000000000000 
0.000000000000000 0.000000000000000 0.000000000000000 0.000000000000000 0.000000000000000 0.000000000000000 0.000000000000000 
0.000000000000000 0.000000000000000 0.000000000000000 0.000000000000000 0.000000000000000 0.000000000000000 0.000000000000000 
0.000000000000000 0.000000000000000 0.000000000000000 0.000000000000000 0.000000000000000 0.000000000000000 0.000000000000000 
0.000000000000000 0.000000000000000 0.000000000000000 0.000000000000000 0.000000000000000 0.000000000000000 0.000000000000000 
0.000000000000000 0.000000000000000 0.000000000000000 0.000000000000000 0.000000000000000 0.000000000000000 0.000000000000000 
0.000000000000000 0.000000000000000 0.000000000000000 0.000000000000000 0.000000000000000 0.000000000000000 0.000000000000000 
0.000000000000000 0.000000000000000 0.000000000000000 0.000000000000000 0.000000000000000 0.000000000000000 0.000000000000000 
0.000000000000000 0.000000000000000 0.000000000000000 0.000000000000000 0.000000000000000 0.000000000000000 0.000000000000000 
0.000000000000000 0.000000000000000 0.000000000000000 0.000000000000000 0.000000000000000 0.000000000000000 0.000000000000000 
0.000000000000000 0.000000000000000 0.000000000000000 0.000000000000000 0.000000000000000 0.000000000000000 0.000000000000000 

Rank 9:
0.000000000000000 0.000000000000000 0.000000000000000 0.000000000000000 0.000000000000000 0.000000000000000 0.000000000000000 
0.000000000000000 0.000000000000000 0.000000000000000 0.000000000000000 0.000000000000000 0.000000000000000 0.000000000000000 
0.000000000000000 0.000000000000000 0.000000000000000 0.000000000000000 0.000000000000000 0.000000000000000 0.000000000000000 
0.000000000000000 0.000000000000000 0.000000000000000 0.000000000000000 0.000000000000000 0.000000000000000 0.000000000000000 
0.000000000000000 0.000000000000000 0.000000000000000 0.000000000000000 0.000000000000000 0.000000000000000 0.000000000000000 
0.000000000000000 0.000000000000000 0.000000000000000 0.000000000000000 0.000000000000000 0.000000000000000 0.000000000000000 
0.000000000000000 0.000000000000000 0.000000000000000 0.000000000000000 0.000000000000000 0.000000000000000 0.000000000000000 
0.000000000000000 0.000000000000000 0.000000000000000 0.000000000000000 0.000000000000000 0.000000000000000 0.000000000000000 
0.000000000000000 0.000000000000000 0.000000000000000 0.000000000000000 0.000000000000000 0.000000000000000 0.000000000000000 
0.000000000000000 0.000000000000000 0.000000000000000 0.000000000000000 0.000000000000000 0.000000000000000 0.000000000000000 
0.000000000000000 0.000000000000000 0.000000000000000 0.000000000000000 0.000000000000000 0.000000000000000 0.000000000000000 
0.000000000000000 0.000000000000000 0.000000000000000 0.000000000000000 0.000000000000000 0.000000000000000 0.000000000000000 

Rank 10:
0.000000000000000 0.000000000000000 10.000000000000000 0.216559682626525 0.001563857212840 0.000003763670480 0.000000000000000 
0.000000000000000 0.000000000000000 20.000000000000000 0.423916878159050 0.003082550379920 0.000007527340960 0.000000000000000 
0.000000000000000 0.000000000000000 10.000000000000000 0.216559682626525 0.001563857212840 0.000003763670480 0.000000000000000 
0.000000000000000 0.000000000000000 20.000000000000000 0.423916878159050 0.003082550379920 0.000007527340960 0.000000000000000 
0.000000000000000 0.000000000000000 10.000000000000000 0.216559682626525 0.001563857212840 0.000003763670480 0.000000000000000 
0.000000000000000 0.000000000000000 20.000000000000000 0.423916878159050 0.003082550379920 0.000007527340960 0.000000000000000 
0.000000000000000 0.000000000000000 10.000000000000000 0.216567209967485 0.001578911894760 0.000011291011440 0.000015054681920 
0.000000000000000 0.000000000000000 20.000000000000000 0.427006955879930 0.009247651139760 0.003135241766640 0.006165100759840 
0.000000000000000 0.000000000000000 10.000000000000000 0.640453978762695 0.849367504167100 0.433123128923530 0.847833756318100 
0.000000000000000 0.000000000000000 40.000000000000000 20.000000000000000 40.000000000000000 20.000000000000000 40.000000000000000 
0.000000000000000 0.000000000000000 0.000000000000000 0.000000000000000 0.000000000000000 0.000000000000000 0.000000000000000 
0.000000000000000 0.000000000000000 0.000000000000000 0.000000000000000 0.000000000000000 0.000000000000000 0.000000000000000 

Rank 11:
0.000000000000000 0.000000000000000 0.000000000000000 0.000000000000000 0.000000000000000 0.000000000000000 0.000000000000000 
0.000007527340960 0.000000000000000 0.000000000000000 0.000000000000000 0.000000000000000 0.000000000000000 0.000000000000000 
0.000003763670480 0.000000000000000 0.000000000000000 0.000000000000000 0.000000000000000 0.000000000000000 0.000000000000000 
0.000007527340960 0.000000000000000 0.000000000000000 0.000000000000000 0.000000000000000 0.000000000000000 0.000000000000000 
0.000003763670480 0.000000000000000 0.000000000000000 0.000000000000000 0.000000000000000 0.000000000000000 0.000000000000000 
0.000007527340960 0.000000000000000 0.000000000000000 0.000000000000000 0.000000000000000 0.000000000000000 0.000000000000000 
0.000011291011440 0.000015054681920 0.000007527340960 0.000015054681920 0.000007527340960 0.000015054681920 0.000007527340960 
0.003135241766640 0.006165100759840 0.003127714425680 0.006165100759840 0.003127714425680 0.006165100759840 0.003127714425680 
0.433123128923530 0.847833756318100 0.433119365253050 0.847833756318100 0.433119365253050 0.847833756318100 0.433119365253050 
20.000000000000000 40.000000000000000 20.000000000000000 40.000000000000000 20.000000000000000 40.000000000000000 20.000000000000000 
0.000000000000000 0.000000000000000 0.000000000000000 0.000000000000000 0.000000000000000 0.000000000000000 0.000000000000000 
0.000000000000000 0.000000000000000 0.000000000000000 0.000000000000000 0.000000000000000 0.000000000000000 0.000000000000000 

Rank 12:
0.000000000000000 0.000000000000000 0.000000000000000 0.000000000000000 0.000000000000000 0.000000000000000 0.000000000000000 
0.000000000000000 0.000000000000000 0.000000000000000 0.000000000000000 0.000000000000000 0.000000000000000 0.000000000000000 
0.000000000000000 0.000000000000000 0.000000000000000 0.000000000000000 0.000000000000000 0.000000000000000 0.000000000000000 
0.000000000000000 0.000000000000000 0.000000000000000 0.000000000000000 0.000000000000000 0.000000000000000 0.000000000000000 
0.000000000000000 0.000000000000000 0.000000000000000 0.000000000000000 0.000000000000000 0.000000000000000 0.000000000000000 
0.000000000000000 0.000000000000000 0.000000000000000 0.000000000000000 0.000000000000000 0.000000000000000 0.000000000000000 
0.000015054681920 0.000007527340960 0.000015054681920 0.000007527340960 0.000015054681920 0.000007527340960 0.000015054681920 
0.006165100759840 0.003127714425680 0.006165100759840 0.003127714425680 0.006165100759840 0.003127714425680 0.006165100759840 
0.847833756318100 0.433119365253050 0.847833756318100 0.433119365253050 0.847833756318100 0.433119365253050 0.847833756318100 
40.000000000000000 20.000000000000000 40.000000000000000 20.000000000000000 40.000000000000000 20.000000000000000 40.000000000000000 
0.000000000000000 0.000000000000000 0.000000000000000 0.000000000000000 0.000000000000000 0.000000000000000 0.000000000000000 
0.000000000000000 0.000000000000000 0.000000000000000 0.000000000000000 0.000000000000000 0.000000000000000 0.000000000000000 

Rank 13:
0.000000000000000 0.000000000000000 0.000000000000000 0.000000000000000 0.000000000000000 0.000000000000000 0.000000000000000 
0.000000000000000 0.000000000000000 0.000000000000000 0.000000000000000 0.000000000000000 0.000000000000000 0.000000000000000 
0.000000000000000 0.000000000000000 0.000000000000000 0.000000000000000 0.000000000000000 0.000000940917620 0.000000000000000 
0.000000000000000 0.000000000000000 0.000000000000000 0.000000000000000 0.000000000000000 0.000001881835240 0.000015054681920 
0.000000000000000 0.000000000000000 0.000000000000000 0.000000000000000 0.000001881835240 0.000782025043960 0.000000000000000 
0.000000000000000 0.000000000000000 0.000000000000000 0.000000000000000 0.000007527340960 0.001562168252680 0.006176370919920 
0.000007527340960 0.000015054681920 0.000007527340960 0.000018818352400 0.001569599156100 0.215856955201760 0.000000000000000 
0.003127714425680 0.006165100759840 0.003127714425680 0.006187682782720 0.009262898696760 0.430151742150840 0.850889642884240 
0.433119365253050 0.847833756318100 0.433126892594010 0.850889961004660 0.849348782252240 20.215075871075420 0.000000000000000 
20.000000000000000 40.000000000000000 20.000000000000000 40.000000000000000 20.000000000000000 40.000000000000000 40.000000000000000 
0.000000000000000 0.000000000000000 0.000000000000000 0.000000000000000 0.000000000000000 20.000000000000000 0.000000000000000 
0.000000000000000 0.000000000000000 0.000000000000000 0.000000000000000 0.000000000000000 0.000000000000000 0.000000000000000 


###############################################################################
TCHPC Cluster: lonsdale
Job 233617 (diffusion) for User 'donaghek' in Account 'mschpc'
Finished at: Tue Aug 30 08:47:34 IST 2016

Job completion status:
======================

       JobID    JobName AllocCPUS NTasks NNodes     MaxRSS    MaxRSSNode  MaxDiskRead MaxDiskWrite    Elapsed      State ExitCode 
------------ ---------- --------- ------ ------ ---------- ------------- ------------ ------------ ---------- ---------- -------- 
233617       allocation         0             0                                                      00:00:00  COMPLETED      0:0 
233617.batch      batch         8      1      1          0 lonsdale-n001        0.00M        0.00M   00:00:02  COMPLETED      0:0 
233617.0          orted         1      1      1          0 lonsdale-n002        0.00M        0.00M   00:00:01  COMPLETED      0:0 


Job details:
============

JobId=233617 JobName=diffusion
   UserId=donaghek(5753) GroupId=donaghek(9558)
   Priority=10077094 Nice=0 Account=mschpc QOS=normal
   JobState=COMPLETING Reason=None Dependency=(null)
   Requeue=1 Restarts=0 BatchFlag=1 Reboot=0 ExitCode=0:0
   DerivedExitCode=0:0
   RunTime=00:00:02 TimeLimit=00:05:00 TimeMin=N/A
   SubmitTime=2016-08-30T08:47:32 EligibleTime=2016-08-30T08:47:32
   StartTime=2016-08-30T08:47:32 EndTime=2016-08-30T08:47:34
   PreemptTime=None SuspendTime=None SecsPreSuspend=0
   Partition=debug AllocNode:Sid=lonsdale01:8146
   ReqNodeList=(null) ExcNodeList=(null)
   NodeList=
   BatchHost=lonsdale-n001
   NumNodes=2 NumCPUs=16 CPUs/Task=1 ReqB:S:C:T=0:0:*:*
   TRES=cpu=16,mem=30000,node=2
   Socks/Node=* NtasksPerN:B:S:C=0:0:*:* CoreSpec=*
     Nodes=lonsdale-n[001-002] CPU_IDs=0-7 Mem=15000
   MinCPUsNode=1 MinMemoryNode=15000M MinTmpDiskNode=0
   Features=(null) Gres=(null) Reservation=(null)
   Shared=0 Contiguous=0 Licenses=(null) Network=(null)
   Command=/home/users/mschpc/2015/donaghek/ParDiffRefine/ParallelRefine/slurm.sh
   WorkDir=/home/users/mschpc/2015/donaghek/ParDiffRefine/ParallelRefine
   StdErr=/home/users/mschpc/2015/donaghek/ParDiffRefine/ParallelRefine/slurm-233617.out
   StdIn=/dev/null
   StdOut=/home/users/mschpc/2015/donaghek/ParDiffRefine/ParallelRefine/slurm-233617.out
   Power= SICP=0


Disk quota details:
===================

Quota Type           Name  Filesystem     Usage in MB     Limit in MB    % Used
-------------------------------------------------------------------------------
USER             donaghek       /home              31          51,200     0.06%

GROUP              mschpc   /projects          23,731          51,200    46.35%


SLURM Bank Statement:
=====================

User           Usage |        Account     Usage | Account Limit Available (CPU hrs)
---------- --------- + -------------- --------- + ------------- ---------
aocurran          71 |         MSCHPC     8,551 |       400,000   391,449
dalyso             0 |         MSCHPC     8,551 |       400,000   391,449
donaghek         393 |         MSCHPC     8,551 |       400,000   391,449
donnelj1           0 |         MSCHPC     8,551 |       400,000   391,449
hannigs            0 |         MSCHPC     8,551 |       400,000   391,449
holtonmi           0 |         MSCHPC     8,551 |       400,000   391,449
howardrj           0 |         MSCHPC     8,551 |       400,000   391,449
jabehan            0 |         MSCHPC     8,551 |       400,000   391,449
jbulava            0 |         MSCHPC     8,551 |       400,000   391,449
jfagan         5,011 |         MSCHPC     8,551 |       400,000   391,449
jose               0 |         MSCHPC     8,551 |       400,000   391,449
kcleary            0 |         MSCHPC     8,551 |       400,000   391,449
liul1              0 |         MSCHPC     8,551 |       400,000   391,449
lomalle            0 |         MSCHPC     8,551 |       400,000   391,449
makirby            0 |         MSCHPC     8,551 |       400,000   391,449
manninmi           0 |         MSCHPC     8,551 |       400,000   391,449
mooneykn          22 |         MSCHPC     8,551 |       400,000   391,449
morahanl           0 |         MSCHPC     8,551 |       400,000   391,449
opwonyal           0 |         MSCHPC     8,551 |       400,000   391,449
osullm40           0 |         MSCHPC     8,551 |       400,000   391,449
phalpin            0 |         MSCHPC     8,551 |       400,000   391,449
pharnett           0 |         MSCHPC     8,551 |       400,000   391,449
pommee             0 |         MSCHPC     8,551 |       400,000   391,449
poneill9           0 |         MSCHPC     8,551 |       400,000   391,449
purdyd             0 |         MSCHPC     8,551 |       400,000   391,449
rooneydt           0 |         MSCHPC     8,551 |       400,000   391,449
sharding           0 |         MSCHPC     8,551 |       400,000   391,449
sikelleh           0 |         MSCHPC     8,551 |       400,000   391,449
simpsoao           0 |         MSCHPC     8,551 |       400,000   391,449
smurray4           0 |         MSCHPC     8,551 |       400,000   391,449
spellacl          76 |         MSCHPC     8,551 |       400,000   391,449
tiernemi           0 |         MSCHPC     8,551 |       400,000   391,449
walsheki           0 |         MSCHPC     8,551 |       400,000   391,449
xihu           2,978 |         MSCHPC     8,551 |       400,000   391,449
zhuang             0 |         MSCHPC     8,551 |       400,000   391,449


Acknowledgements:
=================

Note that usage of TCHPC Resources *must* be acknowledged in all publications.

Please see this page for details relevant to this cluster:

http://www.tchpc.tcd.ie/resources/acknowledgementpolicy

################################################################################
