right to refine
top to refine
refine to right
refine to top
inject refine
interface top refine
interface right refine
interface corner refine
slurmstepd: *** JOB 233456 ON lonsdale-n001 CANCELLED AT 2016-08-29T03:12:06 ***


###############################################################################
TCHPC Cluster: lonsdale
Job 233456 (diffusion) for User 'donaghek' in Account 'mschpc'
Finished at: Mon Aug 29 03:12:06 IST 2016

Job completion status:
======================

       JobID    JobName AllocCPUS NTasks NNodes     MaxRSS    MaxRSSNode  MaxDiskRead MaxDiskWrite    Elapsed      State ExitCode 
------------ ---------- --------- ------ ------ ---------- ------------- ------------ ------------ ---------- ---------- -------- 
233456        diffusion        32             4                                                      00:00:07 CANCELLED+      0:0 
233456.0          orted         3      3      3                                                      00:00:06  CANCELLED      0:0 


Job details:
============

JobId=233456 JobName=diffusion
   UserId=donaghek(5753) GroupId=donaghek(9558)
   Priority=10154584 Nice=0 Account=mschpc QOS=normal
   JobState=COMPLETING Reason=None Dependency=(null)
   Requeue=1 Restarts=0 BatchFlag=1 Reboot=0 ExitCode=0:0
   DerivedExitCode=0:0
   RunTime=00:00:07 TimeLimit=00:30:00 TimeMin=N/A
   SubmitTime=2016-08-29T03:11:58 EligibleTime=2016-08-29T03:11:58
   StartTime=2016-08-29T03:11:58 EndTime=2016-08-29T03:12:05
   PreemptTime=None SuspendTime=None SecsPreSuspend=0
   Partition=debug AllocNode:Sid=lonsdale-n032:16763
   ReqNodeList=(null) ExcNodeList=(null)
   NodeList=lonsdale-n[001-004]
   BatchHost=lonsdale-n001
   NumNodes=4 NumCPUs=32 CPUs/Task=1 ReqB:S:C:T=0:0:*:*
   TRES=cpu=32,mem=60000,node=4
   Socks/Node=* NtasksPerN:B:S:C=0:0:*:* CoreSpec=*
     Nodes=lonsdale-n[001-004] CPU_IDs=0-7 Mem=15000
   MinCPUsNode=1 MinMemoryNode=15000M MinTmpDiskNode=0
   Features=(null) Gres=(null) Reservation=(null)
   Shared=0 Contiguous=0 Licenses=(null) Network=(null)
   Command=/home/users/mschpc/2015/donaghek/ParDiffRefine/ParallelRefine/slurm.sh
   WorkDir=/home/users/mschpc/2015/donaghek/ParDiffRefine/ParallelRefine
   StdErr=/home/users/mschpc/2015/donaghek/ParDiffRefine/ParallelRefine/slurm-233456.out
   StdIn=/dev/null
   StdOut=/home/users/mschpc/2015/donaghek/ParDiffRefine/ParallelRefine/slurm-233456.out
   Power= SICP=0


Disk quota details:
===================

Quota Type           Name  Filesystem     Usage in MB     Limit in MB    % Used
-------------------------------------------------------------------------------
USER             donaghek       /home              29          51,200     0.06%

GROUP              mschpc   /projects          23,731          51,200    46.35%


SLURM Bank Statement:
=====================

User           Usage |        Account     Usage | Account Limit Available (CPU hrs)
---------- --------- + -------------- --------- + ------------- ---------
aocurran          76 |         MSCHPC     5,014 |       400,000   394,986
dalyso             0 |         MSCHPC     5,014 |       400,000   394,986
donaghek         389 |         MSCHPC     5,014 |       400,000   394,986
donnelj1           0 |         MSCHPC     5,014 |       400,000   394,986
hannigs            0 |         MSCHPC     5,014 |       400,000   394,986
holtonmi           0 |         MSCHPC     5,014 |       400,000   394,986
howardrj           0 |         MSCHPC     5,014 |       400,000   394,986
jabehan            0 |         MSCHPC     5,014 |       400,000   394,986
jbulava            0 |         MSCHPC     5,014 |       400,000   394,986
jfagan         1,279 |         MSCHPC     5,014 |       400,000   394,986
jose               0 |         MSCHPC     5,014 |       400,000   394,986
kcleary            0 |         MSCHPC     5,014 |       400,000   394,986
liul1              0 |         MSCHPC     5,014 |       400,000   394,986
lomalle            0 |         MSCHPC     5,014 |       400,000   394,986
makirby            0 |         MSCHPC     5,014 |       400,000   394,986
manninmi           0 |         MSCHPC     5,014 |       400,000   394,986
mooneykn          23 |         MSCHPC     5,014 |       400,000   394,986
morahanl           0 |         MSCHPC     5,014 |       400,000   394,986
opwonyal           0 |         MSCHPC     5,014 |       400,000   394,986
osullm40           0 |         MSCHPC     5,014 |       400,000   394,986
phalpin            0 |         MSCHPC     5,014 |       400,000   394,986
pharnett           0 |         MSCHPC     5,014 |       400,000   394,986
pommee             0 |         MSCHPC     5,014 |       400,000   394,986
poneill9           0 |         MSCHPC     5,014 |       400,000   394,986
purdyd             0 |         MSCHPC     5,014 |       400,000   394,986
rooneydt           0 |         MSCHPC     5,014 |       400,000   394,986
sharding           0 |         MSCHPC     5,014 |       400,000   394,986
sikelleh           0 |         MSCHPC     5,014 |       400,000   394,986
simpsoao           0 |         MSCHPC     5,014 |       400,000   394,986
smurray4           0 |         MSCHPC     5,014 |       400,000   394,986
spellacl          81 |         MSCHPC     5,014 |       400,000   394,986
tiernemi           0 |         MSCHPC     5,014 |       400,000   394,986
walsheki           0 |         MSCHPC     5,014 |       400,000   394,986
xihu           3,165 |         MSCHPC     5,014 |       400,000   394,986
zhuang             0 |         MSCHPC     5,014 |       400,000   394,986


Acknowledgements:
=================

Note that usage of TCHPC Resources *must* be acknowledged in all publications.

Please see this page for details relevant to this cluster:

http://www.tchpc.tcd.ie/resources/acknowledgementpolicy

################################################################################
