3.675902246867023


###############################################################################
TCHPC Cluster: lonsdale
Job 233462 (diffusion) for User 'donaghek' in Account 'mschpc'
Finished at: Mon Aug 29 03:31:14 IST 2016

Job completion status:
======================

       JobID    JobName AllocCPUS NTasks NNodes     MaxRSS    MaxRSSNode  MaxDiskRead MaxDiskWrite    Elapsed      State ExitCode 
------------ ---------- --------- ------ ------ ---------- ------------- ------------ ------------ ---------- ---------- -------- 
233462        diffusion        32             4                                                      00:00:02  COMPLETED      0:0 
233462.batch      batch         8      1      1          0 lonsdale-n001        0.00M        0.00M   00:00:02  COMPLETED      0:0 
233462.0          orted         3      3      3          0 lonsdale-n003        0.00M        0.00M   00:00:01  COMPLETED      0:0 


Job details:
============

JobId=233462 JobName=diffusion
   UserId=donaghek(5753) GroupId=donaghek(9558)
   Priority=10154530 Nice=0 Account=mschpc QOS=normal
   JobState=COMPLETING Reason=None Dependency=(null)
   Requeue=1 Restarts=0 BatchFlag=1 Reboot=0 ExitCode=0:0
   DerivedExitCode=0:0
   RunTime=00:00:02 TimeLimit=00:30:00 TimeMin=N/A
   SubmitTime=2016-08-29T03:31:10 EligibleTime=2016-08-29T03:31:11
   StartTime=2016-08-29T03:31:11 EndTime=2016-08-29T03:31:13
   PreemptTime=None SuspendTime=None SecsPreSuspend=0
   Partition=debug AllocNode:Sid=lonsdale-n032:16763
   ReqNodeList=(null) ExcNodeList=(null)
   NodeList=
   BatchHost=lonsdale-n001
   NumNodes=4 NumCPUs=32 CPUs/Task=1 ReqB:S:C:T=0:0:*:*
   TRES=cpu=32,mem=60000,node=4
   Socks/Node=* NtasksPerN:B:S:C=0:0:*:* CoreSpec=*
     Nodes=lonsdale-n[001-004] CPU_IDs=0-7 Mem=15000
   MinCPUsNode=1 MinMemoryNode=15000M MinTmpDiskNode=0
   Features=(null) Gres=(null) Reservation=(null)
   Shared=0 Contiguous=0 Licenses=(null) Network=(null)
   Command=/home/users/mschpc/2015/donaghek/ParDiffRefine/ParallelRefine/slurm.sh
   WorkDir=/home/users/mschpc/2015/donaghek/ParDiffRefine/ParallelRefine
   StdErr=/home/users/mschpc/2015/donaghek/ParDiffRefine/ParallelRefine/slurm-233462.out
   StdIn=/dev/null
   StdOut=/home/users/mschpc/2015/donaghek/ParDiffRefine/ParallelRefine/slurm-233462.out
   Power= SICP=0


Disk quota details:
===================

Quota Type           Name  Filesystem     Usage in MB     Limit in MB    % Used
-------------------------------------------------------------------------------
USER             donaghek       /home              29          51,200     0.06%

GROUP              mschpc   /projects          23,731          51,200    46.35%


SLURM Bank Statement:
=====================

User           Usage |        Account     Usage | Account Limit Available (CPU hrs)
---------- --------- + -------------- --------- + ------------- ---------
aocurran          76 |         MSCHPC     5,046 |       400,000   394,954
dalyso             0 |         MSCHPC     5,046 |       400,000   394,954
donaghek         394 |         MSCHPC     5,046 |       400,000   394,954
donnelj1           0 |         MSCHPC     5,046 |       400,000   394,954
hannigs            0 |         MSCHPC     5,046 |       400,000   394,954
holtonmi           0 |         MSCHPC     5,046 |       400,000   394,954
howardrj           0 |         MSCHPC     5,046 |       400,000   394,954
jabehan            0 |         MSCHPC     5,046 |       400,000   394,954
jbulava            0 |         MSCHPC     5,046 |       400,000   394,954
jfagan         1,309 |         MSCHPC     5,046 |       400,000   394,954
jose               0 |         MSCHPC     5,046 |       400,000   394,954
kcleary            0 |         MSCHPC     5,046 |       400,000   394,954
liul1              0 |         MSCHPC     5,046 |       400,000   394,954
lomalle            0 |         MSCHPC     5,046 |       400,000   394,954
makirby            0 |         MSCHPC     5,046 |       400,000   394,954
manninmi           0 |         MSCHPC     5,046 |       400,000   394,954
mooneykn          23 |         MSCHPC     5,046 |       400,000   394,954
morahanl           0 |         MSCHPC     5,046 |       400,000   394,954
opwonyal           0 |         MSCHPC     5,046 |       400,000   394,954
osullm40           0 |         MSCHPC     5,046 |       400,000   394,954
phalpin            0 |         MSCHPC     5,046 |       400,000   394,954
pharnett           0 |         MSCHPC     5,046 |       400,000   394,954
pommee             0 |         MSCHPC     5,046 |       400,000   394,954
poneill9           0 |         MSCHPC     5,046 |       400,000   394,954
purdyd             0 |         MSCHPC     5,046 |       400,000   394,954
rooneydt           0 |         MSCHPC     5,046 |       400,000   394,954
sharding           0 |         MSCHPC     5,046 |       400,000   394,954
sikelleh           0 |         MSCHPC     5,046 |       400,000   394,954
simpsoao           0 |         MSCHPC     5,046 |       400,000   394,954
smurray4           0 |         MSCHPC     5,046 |       400,000   394,954
spellacl          81 |         MSCHPC     5,046 |       400,000   394,954
tiernemi           0 |         MSCHPC     5,046 |       400,000   394,954
walsheki           0 |         MSCHPC     5,046 |       400,000   394,954
xihu           3,163 |         MSCHPC     5,046 |       400,000   394,954
zhuang             0 |         MSCHPC     5,046 |       400,000   394,954


Acknowledgements:
=================

Note that usage of TCHPC Resources *must* be acknowledged in all publications.

Please see this page for details relevant to this cluster:

http://www.tchpc.tcd.ie/resources/acknowledgementpolicy

################################################################################
